[0.072s] DEBUG:colcon:Command line arguments: ['/home/pgguedje/.local/bin/colcon', 'build', '--symlink-install', '--packages-select', 'swarm_sim']
[0.072s] DEBUG:colcon:Parsed command line arguments: Namespace(log_base=None, log_level=None, verb_name='build', build_base='build', install_base='install', merge_install=False, symlink_install=True, test_result_base=None, continue_on_error=False, executor='parallel', parallel_workers=64, event_handlers=None, ignore_user_meta=False, metas=['./colcon.meta'], base_paths=['.'], packages_ignore=None, packages_ignore_regex=None, paths=None, packages_up_to=None, packages_up_to_regex=None, packages_above=None, packages_above_and_dependencies=None, packages_above_depth=None, packages_select_by_dep=None, packages_skip_by_dep=None, packages_skip_up_to=None, packages_select_build_failed=False, packages_skip_build_finished=False, packages_select_test_failures=False, packages_skip_test_passed=False, packages_select=['swarm_sim'], packages_skip=None, packages_select_regex=None, packages_skip_regex=None, packages_start=None, packages_end=None, cmake_args=None, cmake_target=None, cmake_target_skip_unavailable=False, cmake_clean_cache=False, cmake_clean_first=False, cmake_force_configure=False, ament_cmake_args=None, catkin_cmake_args=None, catkin_skip_building_tests=False, verb_parser=<colcon_defaults.argument_parser.defaults.DefaultArgumentsDecorator object at 0x7f04a38aec50>, verb_extension=<colcon_core.verb.build.BuildVerb object at 0x7f04a384f190>, main=<bound method BuildVerb.main of <colcon_core.verb.build.BuildVerb object at 0x7f04a384f190>>)
[0.135s] Level 1:colcon.colcon_core.package_discovery:discover_packages(colcon_meta) check parameters
[0.135s] Level 1:colcon.colcon_core.package_discovery:discover_packages(recursive) check parameters
[0.135s] Level 1:colcon.colcon_core.package_discovery:discover_packages(ignore) check parameters
[0.135s] Level 1:colcon.colcon_core.package_discovery:discover_packages(path) check parameters
[0.135s] Level 1:colcon.colcon_core.package_discovery:discover_packages(colcon_meta) discover
[0.135s] Level 1:colcon.colcon_core.package_discovery:discover_packages(recursive) discover
[0.136s] INFO:colcon.colcon_core.package_discovery:Crawling recursively for packages in '/mnt/disk1/pgguedje/research/gazebo_ros2_vnc'
[0.136s] Level 1:colcon.colcon_core.package_identification:_identify(.) by extensions ['ignore', 'ignore_ament_install']
[0.136s] Level 1:colcon.colcon_core.package_identification:_identify(.) by extension 'ignore'
[0.136s] Level 1:colcon.colcon_core.package_identification:_identify(.) by extension 'ignore_ament_install'
[0.136s] Level 1:colcon.colcon_core.package_identification:_identify(.) by extensions ['colcon_pkg']
[0.136s] Level 1:colcon.colcon_core.package_identification:_identify(.) by extension 'colcon_pkg'
[0.136s] Level 1:colcon.colcon_core.package_identification:_identify(.) by extensions ['colcon_meta']
[0.136s] Level 1:colcon.colcon_core.package_identification:_identify(.) by extension 'colcon_meta'
[0.136s] Level 1:colcon.colcon_core.package_identification:_identify(.) by extensions ['ros']
[0.136s] Level 1:colcon.colcon_core.package_identification:_identify(.) by extension 'ros'
[0.154s] Level 1:colcon.colcon_core.package_identification:_identify(.) by extensions ['cmake', 'python']
[0.154s] Level 1:colcon.colcon_core.package_identification:_identify(.) by extension 'cmake'
[0.154s] Level 1:colcon.colcon_core.package_identification:_identify(.) by extension 'python'
[0.154s] Level 1:colcon.colcon_core.package_identification:_identify(.) by extensions ['python_setup_py']
[0.154s] Level 1:colcon.colcon_core.package_identification:_identify(.) by extension 'python_setup_py'
[0.154s] Level 1:colcon.colcon_core.package_identification:_identify(build) by extensions ['ignore', 'ignore_ament_install']
[0.154s] Level 1:colcon.colcon_core.package_identification:_identify(build) by extension 'ignore'
[0.154s] Level 1:colcon.colcon_core.package_identification:_identify(build) ignored
[0.154s] Level 1:colcon.colcon_core.package_identification:_identify(docs) by extensions ['ignore', 'ignore_ament_install']
[0.154s] Level 1:colcon.colcon_core.package_identification:_identify(docs) by extension 'ignore'
[0.154s] Level 1:colcon.colcon_core.package_identification:_identify(docs) by extension 'ignore_ament_install'
[0.154s] Level 1:colcon.colcon_core.package_identification:_identify(docs) by extensions ['colcon_pkg']
[0.154s] Level 1:colcon.colcon_core.package_identification:_identify(docs) by extension 'colcon_pkg'
[0.154s] Level 1:colcon.colcon_core.package_identification:_identify(docs) by extensions ['colcon_meta']
[0.154s] Level 1:colcon.colcon_core.package_identification:_identify(docs) by extension 'colcon_meta'
[0.154s] Level 1:colcon.colcon_core.package_identification:_identify(docs) by extensions ['ros']
[0.154s] Level 1:colcon.colcon_core.package_identification:_identify(docs) by extension 'ros'
[0.154s] Level 1:colcon.colcon_core.package_identification:_identify(docs) by extensions ['cmake', 'python']
[0.154s] Level 1:colcon.colcon_core.package_identification:_identify(docs) by extension 'cmake'
[0.154s] Level 1:colcon.colcon_core.package_identification:_identify(docs) by extension 'python'
[0.154s] Level 1:colcon.colcon_core.package_identification:_identify(docs) by extensions ['python_setup_py']
[0.154s] Level 1:colcon.colcon_core.package_identification:_identify(docs) by extension 'python_setup_py'
[0.154s] Level 1:colcon.colcon_core.package_identification:_identify(install) by extensions ['ignore', 'ignore_ament_install']
[0.154s] Level 1:colcon.colcon_core.package_identification:_identify(install) by extension 'ignore'
[0.154s] Level 1:colcon.colcon_core.package_identification:_identify(install) ignored
[0.154s] Level 1:colcon.colcon_core.package_identification:_identify(log) by extensions ['ignore', 'ignore_ament_install']
[0.154s] Level 1:colcon.colcon_core.package_identification:_identify(log) by extension 'ignore'
[0.154s] Level 1:colcon.colcon_core.package_identification:_identify(log) ignored
[0.154s] Level 1:colcon.colcon_core.package_identification:_identify(src) by extensions ['ignore', 'ignore_ament_install']
[0.154s] Level 1:colcon.colcon_core.package_identification:_identify(src) by extension 'ignore'
[0.155s] Level 1:colcon.colcon_core.package_identification:_identify(src) by extension 'ignore_ament_install'
[0.155s] Level 1:colcon.colcon_core.package_identification:_identify(src) by extensions ['colcon_pkg']
[0.155s] Level 1:colcon.colcon_core.package_identification:_identify(src) by extension 'colcon_pkg'
[0.155s] Level 1:colcon.colcon_core.package_identification:_identify(src) by extensions ['colcon_meta']
[0.155s] Level 1:colcon.colcon_core.package_identification:_identify(src) by extension 'colcon_meta'
[0.155s] Level 1:colcon.colcon_core.package_identification:_identify(src) by extensions ['ros']
[0.155s] Level 1:colcon.colcon_core.package_identification:_identify(src) by extension 'ros'
[0.155s] Level 1:colcon.colcon_core.package_identification:_identify(src) by extensions ['cmake', 'python']
[0.155s] Level 1:colcon.colcon_core.package_identification:_identify(src) by extension 'cmake'
[0.155s] Level 1:colcon.colcon_core.package_identification:_identify(src) by extension 'python'
[0.155s] Level 1:colcon.colcon_core.package_identification:_identify(src) by extensions ['python_setup_py']
[0.155s] Level 1:colcon.colcon_core.package_identification:_identify(src) by extension 'python_setup_py'
[0.155s] Level 1:colcon.colcon_core.package_identification:_identify(src/external_libs) by extensions ['ignore', 'ignore_ament_install']
[0.155s] Level 1:colcon.colcon_core.package_identification:_identify(src/external_libs) by extension 'ignore'
[0.155s] Level 1:colcon.colcon_core.package_identification:_identify(src/external_libs) by extension 'ignore_ament_install'
[0.155s] Level 1:colcon.colcon_core.package_identification:_identify(src/external_libs) by extensions ['colcon_pkg']
[0.155s] Level 1:colcon.colcon_core.package_identification:_identify(src/external_libs) by extension 'colcon_pkg'
[0.155s] Level 1:colcon.colcon_core.package_identification:_identify(src/external_libs) by extensions ['colcon_meta']
[0.155s] Level 1:colcon.colcon_core.package_identification:_identify(src/external_libs) by extension 'colcon_meta'
[0.155s] Level 1:colcon.colcon_core.package_identification:_identify(src/external_libs) by extensions ['ros']
[0.155s] Level 1:colcon.colcon_core.package_identification:_identify(src/external_libs) by extension 'ros'
[0.155s] Level 1:colcon.colcon_core.package_identification:_identify(src/external_libs) by extensions ['cmake', 'python']
[0.155s] Level 1:colcon.colcon_core.package_identification:_identify(src/external_libs) by extension 'cmake'
[0.155s] Level 1:colcon.colcon_core.package_identification:_identify(src/external_libs) by extension 'python'
[0.155s] Level 1:colcon.colcon_core.package_identification:_identify(src/external_libs) by extensions ['python_setup_py']
[0.155s] Level 1:colcon.colcon_core.package_identification:_identify(src/external_libs) by extension 'python_setup_py'
[0.155s] Level 1:colcon.colcon_core.package_identification:_identify(src/external_libs/TEASER-plusplus) by extensions ['ignore', 'ignore_ament_install']
[0.155s] Level 1:colcon.colcon_core.package_identification:_identify(src/external_libs/TEASER-plusplus) by extension 'ignore'
[0.155s] Level 1:colcon.colcon_core.package_identification:_identify(src/external_libs/TEASER-plusplus) by extension 'ignore_ament_install'
[0.155s] Level 1:colcon.colcon_core.package_identification:_identify(src/external_libs/TEASER-plusplus) by extensions ['colcon_pkg']
[0.155s] Level 1:colcon.colcon_core.package_identification:_identify(src/external_libs/TEASER-plusplus) by extension 'colcon_pkg'
[0.155s] Level 1:colcon.colcon_core.package_identification:_identify(src/external_libs/TEASER-plusplus) by extensions ['colcon_meta']
[0.155s] Level 1:colcon.colcon_core.package_identification:_identify(src/external_libs/TEASER-plusplus) by extension 'colcon_meta'
[0.155s] Level 1:colcon.colcon_core.package_identification:_identify(src/external_libs/TEASER-plusplus) by extensions ['ros']
[0.155s] Level 1:colcon.colcon_core.package_identification:_identify(src/external_libs/TEASER-plusplus) by extension 'ros'
[0.156s] DEBUG:colcon.colcon_core.package_identification:Package 'src/external_libs/TEASER-plusplus' with type 'ros.cmake' and name 'teaserpp'
[0.157s] Level 1:colcon.colcon_core.package_identification:_identify(src/external_libs/eigen) by extensions ['ignore', 'ignore_ament_install']
[0.157s] Level 1:colcon.colcon_core.package_identification:_identify(src/external_libs/eigen) by extension 'ignore'
[0.157s] Level 1:colcon.colcon_core.package_identification:_identify(src/external_libs/eigen) by extension 'ignore_ament_install'
[0.157s] Level 1:colcon.colcon_core.package_identification:_identify(src/external_libs/eigen) by extensions ['colcon_pkg']
[0.157s] Level 1:colcon.colcon_core.package_identification:_identify(src/external_libs/eigen) by extension 'colcon_pkg'
[0.157s] Level 1:colcon.colcon_core.package_identification:_identify(src/external_libs/eigen) by extensions ['colcon_meta']
[0.157s] Level 1:colcon.colcon_core.package_identification:_identify(src/external_libs/eigen) by extension 'colcon_meta'
[0.157s] Level 1:colcon.colcon_core.package_identification:_identify(src/external_libs/eigen) by extensions ['ros']
[0.157s] Level 1:colcon.colcon_core.package_identification:_identify(src/external_libs/eigen) by extension 'ros'
[0.157s] Level 1:colcon.colcon_core.package_identification:_identify(src/external_libs/eigen) by extensions ['cmake', 'python']
[0.157s] Level 1:colcon.colcon_core.package_identification:_identify(src/external_libs/eigen) by extension 'cmake'
[0.361s] Level 1:colcon.colcon_core.package_identification:_identify(src/external_libs/eigen) by extension 'python'
[0.361s] DEBUG:colcon.colcon_core.package_identification:Package 'src/external_libs/eigen' with type 'cmake' and name 'Eigen3'
[0.361s] Level 1:colcon.colcon_core.package_identification:_identify(src/external_libs/gtsam) by extensions ['ignore', 'ignore_ament_install']
[0.361s] Level 1:colcon.colcon_core.package_identification:_identify(src/external_libs/gtsam) by extension 'ignore'
[0.361s] Level 1:colcon.colcon_core.package_identification:_identify(src/external_libs/gtsam) by extension 'ignore_ament_install'
[0.361s] Level 1:colcon.colcon_core.package_identification:_identify(src/external_libs/gtsam) by extensions ['colcon_pkg']
[0.361s] Level 1:colcon.colcon_core.package_identification:_identify(src/external_libs/gtsam) by extension 'colcon_pkg'
[0.361s] Level 1:colcon.colcon_core.package_identification:_identify(src/external_libs/gtsam) by extensions ['colcon_meta']
[0.361s] Level 1:colcon.colcon_core.package_identification:_identify(src/external_libs/gtsam) by extension 'colcon_meta'
[0.361s] Level 1:colcon.colcon_core.package_identification:_identify(src/external_libs/gtsam) by extensions ['ros']
[0.361s] Level 1:colcon.colcon_core.package_identification:_identify(src/external_libs/gtsam) by extension 'ros'
[0.361s] DEBUG:colcon.colcon_core.package_identification:Package 'src/external_libs/gtsam' with type 'ros.cmake' and name 'gtsam'
[0.362s] Level 1:colcon.colcon_core.package_identification:_identify(src/swarm_sim_pkg) by extensions ['ignore', 'ignore_ament_install']
[0.362s] Level 1:colcon.colcon_core.package_identification:_identify(src/swarm_sim_pkg) by extension 'ignore'
[0.362s] Level 1:colcon.colcon_core.package_identification:_identify(src/swarm_sim_pkg) by extension 'ignore_ament_install'
[0.362s] Level 1:colcon.colcon_core.package_identification:_identify(src/swarm_sim_pkg) by extensions ['colcon_pkg']
[0.362s] Level 1:colcon.colcon_core.package_identification:_identify(src/swarm_sim_pkg) by extension 'colcon_pkg'
[0.362s] Level 1:colcon.colcon_core.package_identification:_identify(src/swarm_sim_pkg) by extensions ['colcon_meta']
[0.362s] Level 1:colcon.colcon_core.package_identification:_identify(src/swarm_sim_pkg) by extension 'colcon_meta'
[0.362s] Level 1:colcon.colcon_core.package_identification:_identify(src/swarm_sim_pkg) by extensions ['ros']
[0.362s] Level 1:colcon.colcon_core.package_identification:_identify(src/swarm_sim_pkg) by extension 'ros'
[0.362s] DEBUG:colcon.colcon_core.package_identification:Failed to parse potential ROS package manifest in'src/swarm_sim_pkg': Error(s) in package 'src/swarm_sim_pkg/package.xml':
The manifest contains invalid XML:
XML or text declaration not at start of entity: line 2, column 0
[0.362s] Level 1:colcon.colcon_core.package_identification:_identify(src/swarm_sim_pkg) by extensions ['cmake', 'python']
[0.362s] Level 1:colcon.colcon_core.package_identification:_identify(src/swarm_sim_pkg) by extension 'cmake'
[0.362s] Level 1:colcon.colcon_core.package_identification:_identify(src/swarm_sim_pkg) by extension 'python'
[0.362s] Level 1:colcon.colcon_core.package_identification:_identify(src/swarm_sim_pkg) by extensions ['python_setup_py']
[0.362s] Level 1:colcon.colcon_core.package_identification:_identify(src/swarm_sim_pkg) by extension 'python_setup_py'
[0.539s] DEBUG:colcon.colcon_core.package_identification:Package 'src/swarm_sim_pkg' with type 'python' and name 'swarm_sim'
[0.540s] Level 1:colcon.colcon_core.package_identification:_identify(src/swarm_slam_stack) by extensions ['ignore', 'ignore_ament_install']
[0.540s] Level 1:colcon.colcon_core.package_identification:_identify(src/swarm_slam_stack) by extension 'ignore'
[0.540s] Level 1:colcon.colcon_core.package_identification:_identify(src/swarm_slam_stack) by extension 'ignore_ament_install'
[0.540s] Level 1:colcon.colcon_core.package_identification:_identify(src/swarm_slam_stack) by extensions ['colcon_pkg']
[0.540s] Level 1:colcon.colcon_core.package_identification:_identify(src/swarm_slam_stack) by extension 'colcon_pkg'
[0.540s] Level 1:colcon.colcon_core.package_identification:_identify(src/swarm_slam_stack) by extensions ['colcon_meta']
[0.540s] Level 1:colcon.colcon_core.package_identification:_identify(src/swarm_slam_stack) by extension 'colcon_meta'
[0.540s] Level 1:colcon.colcon_core.package_identification:_identify(src/swarm_slam_stack) by extensions ['ros']
[0.540s] Level 1:colcon.colcon_core.package_identification:_identify(src/swarm_slam_stack) by extension 'ros'
[0.540s] Level 1:colcon.colcon_core.package_identification:_identify(src/swarm_slam_stack) by extensions ['cmake', 'python']
[0.540s] Level 1:colcon.colcon_core.package_identification:_identify(src/swarm_slam_stack) by extension 'cmake'
[0.540s] Level 1:colcon.colcon_core.package_identification:_identify(src/swarm_slam_stack) by extension 'python'
[0.540s] Level 1:colcon.colcon_core.package_identification:_identify(src/swarm_slam_stack) by extensions ['python_setup_py']
[0.540s] Level 1:colcon.colcon_core.package_identification:_identify(src/swarm_slam_stack) by extension 'python_setup_py'
[0.540s] Level 1:colcon.colcon_core.package_identification:_identify(src/swarm_slam_stack/cslam) by extensions ['ignore', 'ignore_ament_install']
[0.540s] Level 1:colcon.colcon_core.package_identification:_identify(src/swarm_slam_stack/cslam) by extension 'ignore'
[0.540s] Level 1:colcon.colcon_core.package_identification:_identify(src/swarm_slam_stack/cslam) by extension 'ignore_ament_install'
[0.540s] Level 1:colcon.colcon_core.package_identification:_identify(src/swarm_slam_stack/cslam) by extensions ['colcon_pkg']
[0.540s] Level 1:colcon.colcon_core.package_identification:_identify(src/swarm_slam_stack/cslam) by extension 'colcon_pkg'
[0.540s] Level 1:colcon.colcon_core.package_identification:_identify(src/swarm_slam_stack/cslam) by extensions ['colcon_meta']
[0.540s] Level 1:colcon.colcon_core.package_identification:_identify(src/swarm_slam_stack/cslam) by extension 'colcon_meta'
[0.541s] Level 1:colcon.colcon_core.package_identification:_identify(src/swarm_slam_stack/cslam) by extensions ['ros']
[0.541s] Level 1:colcon.colcon_core.package_identification:_identify(src/swarm_slam_stack/cslam) by extension 'ros'
[0.542s] DEBUG:colcon.colcon_core.package_identification:Package 'src/swarm_slam_stack/cslam' with type 'ros.ament_cmake' and name 'cslam'
[0.542s] Level 1:colcon.colcon_core.package_identification:_identify(src/swarm_slam_stack/cslam_experiments) by extensions ['ignore', 'ignore_ament_install']
[0.542s] Level 1:colcon.colcon_core.package_identification:_identify(src/swarm_slam_stack/cslam_experiments) by extension 'ignore'
[0.542s] Level 1:colcon.colcon_core.package_identification:_identify(src/swarm_slam_stack/cslam_experiments) by extension 'ignore_ament_install'
[0.542s] Level 1:colcon.colcon_core.package_identification:_identify(src/swarm_slam_stack/cslam_experiments) by extensions ['colcon_pkg']
[0.542s] Level 1:colcon.colcon_core.package_identification:_identify(src/swarm_slam_stack/cslam_experiments) by extension 'colcon_pkg'
[0.542s] Level 1:colcon.colcon_core.package_identification:_identify(src/swarm_slam_stack/cslam_experiments) by extensions ['colcon_meta']
[0.542s] Level 1:colcon.colcon_core.package_identification:_identify(src/swarm_slam_stack/cslam_experiments) by extension 'colcon_meta'
[0.542s] Level 1:colcon.colcon_core.package_identification:_identify(src/swarm_slam_stack/cslam_experiments) by extensions ['ros']
[0.542s] Level 1:colcon.colcon_core.package_identification:_identify(src/swarm_slam_stack/cslam_experiments) by extension 'ros'
[0.543s] DEBUG:colcon.colcon_core.package_identification:Package 'src/swarm_slam_stack/cslam_experiments' with type 'ros.ament_cmake' and name 'cslam_experiments'
[0.543s] Level 1:colcon.colcon_core.package_identification:_identify(src/swarm_slam_stack/cslam_interfaces) by extensions ['ignore', 'ignore_ament_install']
[0.543s] Level 1:colcon.colcon_core.package_identification:_identify(src/swarm_slam_stack/cslam_interfaces) by extension 'ignore'
[0.543s] Level 1:colcon.colcon_core.package_identification:_identify(src/swarm_slam_stack/cslam_interfaces) by extension 'ignore_ament_install'
[0.543s] Level 1:colcon.colcon_core.package_identification:_identify(src/swarm_slam_stack/cslam_interfaces) by extensions ['colcon_pkg']
[0.543s] Level 1:colcon.colcon_core.package_identification:_identify(src/swarm_slam_stack/cslam_interfaces) by extension 'colcon_pkg'
[0.543s] Level 1:colcon.colcon_core.package_identification:_identify(src/swarm_slam_stack/cslam_interfaces) by extensions ['colcon_meta']
[0.543s] Level 1:colcon.colcon_core.package_identification:_identify(src/swarm_slam_stack/cslam_interfaces) by extension 'colcon_meta'
[0.543s] Level 1:colcon.colcon_core.package_identification:_identify(src/swarm_slam_stack/cslam_interfaces) by extensions ['ros']
[0.543s] Level 1:colcon.colcon_core.package_identification:_identify(src/swarm_slam_stack/cslam_interfaces) by extension 'ros'
[0.543s] Level 1:colcon.colcon_core.package_identification:_identify(src/swarm_slam_stack/cslam_interfaces) by extensions ['cmake', 'python']
[0.543s] Level 1:colcon.colcon_core.package_identification:_identify(src/swarm_slam_stack/cslam_interfaces) by extension 'cmake'
[0.543s] Level 1:colcon.colcon_core.package_identification:_identify(src/swarm_slam_stack/cslam_interfaces) by extension 'python'
[0.543s] Level 1:colcon.colcon_core.package_identification:_identify(src/swarm_slam_stack/cslam_interfaces) by extensions ['python_setup_py']
[0.543s] Level 1:colcon.colcon_core.package_identification:_identify(src/swarm_slam_stack/cslam_interfaces) by extension 'python_setup_py'
[0.543s] Level 1:colcon.colcon_core.package_identification:_identify(src/swarm_slam_stack/cslam_interfaces/cslam_common_interfaces) by extensions ['ignore', 'ignore_ament_install']
[0.543s] Level 1:colcon.colcon_core.package_identification:_identify(src/swarm_slam_stack/cslam_interfaces/cslam_common_interfaces) by extension 'ignore'
[0.543s] Level 1:colcon.colcon_core.package_identification:_identify(src/swarm_slam_stack/cslam_interfaces/cslam_common_interfaces) by extension 'ignore_ament_install'
[0.543s] Level 1:colcon.colcon_core.package_identification:_identify(src/swarm_slam_stack/cslam_interfaces/cslam_common_interfaces) by extensions ['colcon_pkg']
[0.543s] Level 1:colcon.colcon_core.package_identification:_identify(src/swarm_slam_stack/cslam_interfaces/cslam_common_interfaces) by extension 'colcon_pkg'
[0.543s] Level 1:colcon.colcon_core.package_identification:_identify(src/swarm_slam_stack/cslam_interfaces/cslam_common_interfaces) by extensions ['colcon_meta']
[0.543s] Level 1:colcon.colcon_core.package_identification:_identify(src/swarm_slam_stack/cslam_interfaces/cslam_common_interfaces) by extension 'colcon_meta'
[0.543s] Level 1:colcon.colcon_core.package_identification:_identify(src/swarm_slam_stack/cslam_interfaces/cslam_common_interfaces) by extensions ['ros']
[0.544s] Level 1:colcon.colcon_core.package_identification:_identify(src/swarm_slam_stack/cslam_interfaces/cslam_common_interfaces) by extension 'ros'
[0.544s] DEBUG:colcon.colcon_core.package_identification:Package 'src/swarm_slam_stack/cslam_interfaces/cslam_common_interfaces' with type 'ros.ament_cmake' and name 'cslam_common_interfaces'
[0.544s] Level 1:colcon.colcon_core.package_identification:_identify(src/swarm_slam_stack/media) by extensions ['ignore', 'ignore_ament_install']
[0.544s] Level 1:colcon.colcon_core.package_identification:_identify(src/swarm_slam_stack/media) by extension 'ignore'
[0.544s] Level 1:colcon.colcon_core.package_identification:_identify(src/swarm_slam_stack/media) by extension 'ignore_ament_install'
[0.544s] Level 1:colcon.colcon_core.package_identification:_identify(src/swarm_slam_stack/media) by extensions ['colcon_pkg']
[0.544s] Level 1:colcon.colcon_core.package_identification:_identify(src/swarm_slam_stack/media) by extension 'colcon_pkg'
[0.544s] Level 1:colcon.colcon_core.package_identification:_identify(src/swarm_slam_stack/media) by extensions ['colcon_meta']
[0.544s] Level 1:colcon.colcon_core.package_identification:_identify(src/swarm_slam_stack/media) by extension 'colcon_meta'
[0.544s] Level 1:colcon.colcon_core.package_identification:_identify(src/swarm_slam_stack/media) by extensions ['ros']
[0.544s] Level 1:colcon.colcon_core.package_identification:_identify(src/swarm_slam_stack/media) by extension 'ros'
[0.545s] Level 1:colcon.colcon_core.package_identification:_identify(src/swarm_slam_stack/media) by extensions ['cmake', 'python']
[0.545s] Level 1:colcon.colcon_core.package_identification:_identify(src/swarm_slam_stack/media) by extension 'cmake'
[0.545s] Level 1:colcon.colcon_core.package_identification:_identify(src/swarm_slam_stack/media) by extension 'python'
[0.545s] Level 1:colcon.colcon_core.package_identification:_identify(src/swarm_slam_stack/media) by extensions ['python_setup_py']
[0.545s] Level 1:colcon.colcon_core.package_identification:_identify(src/swarm_slam_stack/media) by extension 'python_setup_py'
[0.545s] Level 1:colcon.colcon_core.package_identification:_identify(src/utils) by extensions ['ignore', 'ignore_ament_install']
[0.545s] Level 1:colcon.colcon_core.package_identification:_identify(src/utils) by extension 'ignore'
[0.545s] Level 1:colcon.colcon_core.package_identification:_identify(src/utils) by extension 'ignore_ament_install'
[0.545s] Level 1:colcon.colcon_core.package_identification:_identify(src/utils) by extensions ['colcon_pkg']
[0.545s] Level 1:colcon.colcon_core.package_identification:_identify(src/utils) by extension 'colcon_pkg'
[0.545s] Level 1:colcon.colcon_core.package_identification:_identify(src/utils) by extensions ['colcon_meta']
[0.545s] Level 1:colcon.colcon_core.package_identification:_identify(src/utils) by extension 'colcon_meta'
[0.545s] Level 1:colcon.colcon_core.package_identification:_identify(src/utils) by extensions ['ros']
[0.545s] Level 1:colcon.colcon_core.package_identification:_identify(src/utils) by extension 'ros'
[0.545s] Level 1:colcon.colcon_core.package_identification:_identify(src/utils) by extensions ['cmake', 'python']
[0.545s] Level 1:colcon.colcon_core.package_identification:_identify(src/utils) by extension 'cmake'
[0.545s] Level 1:colcon.colcon_core.package_identification:_identify(src/utils) by extension 'python'
[0.545s] Level 1:colcon.colcon_core.package_identification:_identify(src/utils) by extensions ['python_setup_py']
[0.545s] Level 1:colcon.colcon_core.package_identification:_identify(src/utils) by extension 'python_setup_py'
[0.545s] Level 1:colcon.colcon_core.package_discovery:discover_packages(recursive) using defaults
[0.545s] Level 1:colcon.colcon_core.package_discovery:discover_packages(ignore) discover
[0.545s] Level 1:colcon.colcon_core.package_discovery:discover_packages(ignore) using defaults
[0.545s] Level 1:colcon.colcon_core.package_discovery:discover_packages(path) discover
[0.545s] Level 1:colcon.colcon_core.package_discovery:discover_packages(path) using defaults
[0.561s] INFO:colcon.colcon_core.package_selection:Skipping not selected package 'Eigen3' in 'src/external_libs/eigen'
[0.561s] INFO:colcon.colcon_core.package_selection:Skipping not selected package 'cslam_common_interfaces' in 'src/swarm_slam_stack/cslam_interfaces/cslam_common_interfaces'
[0.561s] INFO:colcon.colcon_core.package_selection:Skipping not selected package 'gtsam' in 'src/external_libs/gtsam'
[0.561s] INFO:colcon.colcon_core.package_selection:Skipping not selected package 'teaserpp' in 'src/external_libs/TEASER-plusplus'
[0.561s] INFO:colcon.colcon_core.package_selection:Skipping not selected package 'cslam' in 'src/swarm_slam_stack/cslam'
[0.561s] INFO:colcon.colcon_core.package_selection:Skipping not selected package 'cslam_experiments' in 'src/swarm_slam_stack/cslam_experiments'
[0.562s] Level 5:colcon.colcon_core.verb:set package 'swarm_sim' build argument 'cmake_args' from command line to 'None'
[0.562s] Level 5:colcon.colcon_core.verb:set package 'swarm_sim' build argument 'cmake_target' from command line to 'None'
[0.562s] Level 5:colcon.colcon_core.verb:set package 'swarm_sim' build argument 'cmake_target_skip_unavailable' from command line to 'False'
[0.562s] Level 5:colcon.colcon_core.verb:set package 'swarm_sim' build argument 'cmake_clean_cache' from command line to 'False'
[0.562s] Level 5:colcon.colcon_core.verb:set package 'swarm_sim' build argument 'cmake_clean_first' from command line to 'False'
[0.562s] Level 5:colcon.colcon_core.verb:set package 'swarm_sim' build argument 'cmake_force_configure' from command line to 'False'
[0.562s] Level 5:colcon.colcon_core.verb:set package 'swarm_sim' build argument 'ament_cmake_args' from command line to 'None'
[0.562s] Level 5:colcon.colcon_core.verb:set package 'swarm_sim' build argument 'catkin_cmake_args' from command line to 'None'
[0.562s] Level 5:colcon.colcon_core.verb:set package 'swarm_sim' build argument 'catkin_skip_building_tests' from command line to 'False'
[0.562s] DEBUG:colcon.colcon_core.verb:Building package 'swarm_sim' with the following arguments: {'ament_cmake_args': None, 'build_base': '/mnt/disk1/pgguedje/research/gazebo_ros2_vnc/build/swarm_sim', 'catkin_cmake_args': None, 'catkin_skip_building_tests': False, 'cmake_args': None, 'cmake_clean_cache': False, 'cmake_clean_first': False, 'cmake_force_configure': False, 'cmake_target': None, 'cmake_target_skip_unavailable': False, 'install_base': '/mnt/disk1/pgguedje/research/gazebo_ros2_vnc/install/swarm_sim', 'merge_install': False, 'path': '/mnt/disk1/pgguedje/research/gazebo_ros2_vnc/src/swarm_sim_pkg', 'symlink_install': True, 'test_result_base': None}
[0.562s] INFO:colcon.colcon_core.executor:Executing jobs using 'parallel' executor
[0.563s] DEBUG:colcon.colcon_parallel_executor.executor.parallel:run_until_complete
[0.563s] INFO:colcon.colcon_core.task.python.build:Building Python package in '/mnt/disk1/pgguedje/research/gazebo_ros2_vnc/src/swarm_sim_pkg'
[0.565s] INFO:colcon.colcon_core.plugin_system:Skipping extension 'colcon_core.shell.bat': Not used on non-Windows systems
[0.566s] INFO:colcon.colcon_core.shell:Skip shell extension 'powershell' for command environment: Not usable outside of PowerShell
[0.566s] DEBUG:colcon.colcon_core.shell:Skip shell extension 'dsv' for command environment
[1.037s] DEBUG:colcon.colcon_core.event_handler.log_command:Invoking command in '/mnt/disk1/pgguedje/research/gazebo_ros2_vnc/build/swarm_sim': PYTHONPATH=/mnt/disk1/pgguedje/research/gazebo_ros2_vnc/build/swarm_sim/prefix_override:/home/pgguedje/.local/lib/python3.11/site-packages/colcon_core/task/python/colcon_distutils_commands:/mnt/disk1/pgguedje/research/gazebo_ros2_vnc/install/swarm_sim/lib/python3.11/site-packages: /usr/bin/python3 -W ignore:setup.py install is deprecated -W ignore:easy_install command is deprecated setup.py develop --editable --build-directory /mnt/disk1/pgguedje/research/gazebo_ros2_vnc/build/swarm_sim/build --no-deps symlink_data
[1.310s] Level 1:colcon.colcon_core.shell:create_environment_hook('swarm_sim', 'pythonpath_develop')
[1.311s] INFO:colcon.colcon_core.shell:Creating environment hook '/mnt/disk1/pgguedje/research/gazebo_ros2_vnc/build/swarm_sim/share/swarm_sim/hook/pythonpath_develop.ps1'
[1.311s] DEBUG:colcon.colcon_core.event_handler.log_command:Invoked command in '/mnt/disk1/pgguedje/research/gazebo_ros2_vnc/build/swarm_sim' returned '0': PYTHONPATH=/mnt/disk1/pgguedje/research/gazebo_ros2_vnc/build/swarm_sim/prefix_override:/home/pgguedje/.local/lib/python3.11/site-packages/colcon_core/task/python/colcon_distutils_commands:/mnt/disk1/pgguedje/research/gazebo_ros2_vnc/install/swarm_sim/lib/python3.11/site-packages: /usr/bin/python3 -W ignore:setup.py install is deprecated -W ignore:easy_install command is deprecated setup.py develop --editable --build-directory /mnt/disk1/pgguedje/research/gazebo_ros2_vnc/build/swarm_sim/build --no-deps symlink_data
[1.313s] INFO:colcon.colcon_core.shell:Creating environment descriptor '/mnt/disk1/pgguedje/research/gazebo_ros2_vnc/build/swarm_sim/share/swarm_sim/hook/pythonpath_develop.dsv'
[1.314s] INFO:colcon.colcon_core.shell:Creating environment hook '/mnt/disk1/pgguedje/research/gazebo_ros2_vnc/build/swarm_sim/share/swarm_sim/hook/pythonpath_develop.sh'
[1.318s] Level 1:colcon.colcon_core.environment:checking '/mnt/disk1/pgguedje/research/gazebo_ros2_vnc/install/swarm_sim' for CMake module files
[1.319s] Level 1:colcon.colcon_core.environment:checking '/mnt/disk1/pgguedje/research/gazebo_ros2_vnc/install/swarm_sim' for CMake config files
[1.329s] Level 1:colcon.colcon_core.environment:checking '/mnt/disk1/pgguedje/research/gazebo_ros2_vnc/install/swarm_sim/lib'
[1.329s] Level 1:colcon.colcon_core.environment:checking '/mnt/disk1/pgguedje/research/gazebo_ros2_vnc/install/swarm_sim/bin'
[1.329s] Level 1:colcon.colcon_core.shell:create_environment_hook('swarm_sim', 'path')
[1.330s] INFO:colcon.colcon_core.shell:Creating environment hook '/mnt/disk1/pgguedje/research/gazebo_ros2_vnc/install/swarm_sim/share/swarm_sim/hook/path.ps1'
[1.330s] INFO:colcon.colcon_core.shell:Creating environment descriptor '/mnt/disk1/pgguedje/research/gazebo_ros2_vnc/install/swarm_sim/share/swarm_sim/hook/path.dsv'
[1.331s] INFO:colcon.colcon_core.shell:Creating environment hook '/mnt/disk1/pgguedje/research/gazebo_ros2_vnc/install/swarm_sim/share/swarm_sim/hook/path.sh'
[1.332s] Level 1:colcon.colcon_core.environment:checking '/mnt/disk1/pgguedje/research/gazebo_ros2_vnc/install/swarm_sim/lib/pkgconfig/swarm_sim.pc'
[1.333s] Level 1:colcon.colcon_core.environment:checking '/mnt/disk1/pgguedje/research/gazebo_ros2_vnc/install/swarm_sim/lib/python3.11/site-packages'
[1.333s] Level 1:colcon.colcon_core.shell:create_environment_hook('swarm_sim', 'pythonpath')
[1.333s] INFO:colcon.colcon_core.shell:Creating environment hook '/mnt/disk1/pgguedje/research/gazebo_ros2_vnc/install/swarm_sim/share/swarm_sim/hook/pythonpath.ps1'
[1.334s] INFO:colcon.colcon_core.shell:Creating environment descriptor '/mnt/disk1/pgguedje/research/gazebo_ros2_vnc/install/swarm_sim/share/swarm_sim/hook/pythonpath.dsv'
[1.334s] INFO:colcon.colcon_core.shell:Creating environment hook '/mnt/disk1/pgguedje/research/gazebo_ros2_vnc/install/swarm_sim/share/swarm_sim/hook/pythonpath.sh'
[1.336s] Level 1:colcon.colcon_core.environment:checking '/mnt/disk1/pgguedje/research/gazebo_ros2_vnc/install/swarm_sim/bin'
[1.336s] Level 1:colcon.colcon_core.shell:create_environment_hook('swarm_sim', 'pythonscriptspath')
[1.336s] INFO:colcon.colcon_core.shell:Creating environment hook '/mnt/disk1/pgguedje/research/gazebo_ros2_vnc/install/swarm_sim/share/swarm_sim/hook/pythonscriptspath.ps1'
[1.337s] INFO:colcon.colcon_core.shell:Creating environment descriptor '/mnt/disk1/pgguedje/research/gazebo_ros2_vnc/install/swarm_sim/share/swarm_sim/hook/pythonscriptspath.dsv'
[1.337s] INFO:colcon.colcon_core.shell:Creating environment hook '/mnt/disk1/pgguedje/research/gazebo_ros2_vnc/install/swarm_sim/share/swarm_sim/hook/pythonscriptspath.sh'
[1.338s] Level 1:colcon.colcon_core.environment:create_environment_scripts_only(swarm_sim)
[1.339s] INFO:colcon.colcon_core.shell:Creating package script '/mnt/disk1/pgguedje/research/gazebo_ros2_vnc/install/swarm_sim/share/swarm_sim/package.ps1'
[1.340s] INFO:colcon.colcon_core.shell:Creating package descriptor '/mnt/disk1/pgguedje/research/gazebo_ros2_vnc/install/swarm_sim/share/swarm_sim/package.dsv'
[1.341s] INFO:colcon.colcon_core.shell:Creating package script '/mnt/disk1/pgguedje/research/gazebo_ros2_vnc/install/swarm_sim/share/swarm_sim/package.sh'
[1.343s] INFO:colcon.colcon_core.shell:Creating package script '/mnt/disk1/pgguedje/research/gazebo_ros2_vnc/install/swarm_sim/share/swarm_sim/package.bash'
[1.345s] INFO:colcon.colcon_core.shell:Creating package script '/mnt/disk1/pgguedje/research/gazebo_ros2_vnc/install/swarm_sim/share/swarm_sim/package.zsh'
[1.346s] Level 1:colcon.colcon_core.environment:create_file_with_runtime_dependencies(/mnt/disk1/pgguedje/research/gazebo_ros2_vnc/install/swarm_sim/share/colcon-core/packages/swarm_sim)
[1.346s] DEBUG:colcon.colcon_parallel_executor.executor.parallel:closing loop
[1.347s] DEBUG:colcon.colcon_parallel_executor.executor.parallel:loop closed
[1.347s] DEBUG:colcon.colcon_parallel_executor.executor.parallel:run_until_complete finished with '0'
[1.347s] DEBUG:colcon.colcon_core.event_reactor:joining thread
[1.355s] INFO:colcon.colcon_core.plugin_system:Skipping extension 'colcon_notification.desktop_notification.terminal_notifier': Not used on non-Darwin systems
[1.356s] INFO:colcon.colcon_core.plugin_system:Skipping extension 'colcon_notification.desktop_notification.win32': Not used on non-Windows systems
[1.356s] INFO:colcon.colcon_notification.desktop_notification:Sending desktop notification using 'notify2'
[1.357s] DEBUG:colcon.colcon_notification.desktop_notification.notify2:Failed to initialize notify2: org.freedesktop.DBus.Error.ServiceUnknown: The name org.freedesktop.Notifications was not provided by any .service files
[1.357s] DEBUG:colcon.colcon_core.event_reactor:joined thread
[1.357s] INFO:colcon.colcon_core.shell:Creating prefix script '/mnt/disk1/pgguedje/research/gazebo_ros2_vnc/install/local_setup.ps1'
[1.359s] INFO:colcon.colcon_core.shell:Creating prefix util module '/mnt/disk1/pgguedje/research/gazebo_ros2_vnc/install/_local_setup_util_ps1.py'
[1.362s] INFO:colcon.colcon_core.shell:Creating prefix chain script '/mnt/disk1/pgguedje/research/gazebo_ros2_vnc/install/setup.ps1'
[1.363s] INFO:colcon.colcon_core.shell:Creating prefix script '/mnt/disk1/pgguedje/research/gazebo_ros2_vnc/install/local_setup.sh'
[1.364s] INFO:colcon.colcon_core.shell:Creating prefix util module '/mnt/disk1/pgguedje/research/gazebo_ros2_vnc/install/_local_setup_util_sh.py'
[1.365s] INFO:colcon.colcon_core.shell:Creating prefix chain script '/mnt/disk1/pgguedje/research/gazebo_ros2_vnc/install/setup.sh'
[1.367s] INFO:colcon.colcon_core.shell:Creating prefix script '/mnt/disk1/pgguedje/research/gazebo_ros2_vnc/install/local_setup.bash'
[1.368s] INFO:colcon.colcon_core.shell:Creating prefix chain script '/mnt/disk1/pgguedje/research/gazebo_ros2_vnc/install/setup.bash'
[1.370s] INFO:colcon.colcon_core.shell:Creating prefix script '/mnt/disk1/pgguedje/research/gazebo_ros2_vnc/install/local_setup.zsh'
[1.371s] INFO:colcon.colcon_core.shell:Creating prefix chain script '/mnt/disk1/pgguedje/research/gazebo_ros2_vnc/install/setup.zsh'
