[0.071s] DEBUG:colcon:Command line arguments: ['/home/pgguedje/.local/bin/colcon', 'build', '--packages-select', 'cslam_common_interfaces']
[0.071s] DEBUG:colcon:Parsed command line arguments: Namespace(log_base=None, log_level=None, verb_name='build', build_base='build', install_base='install', merge_install=False, symlink_install=False, test_result_base=None, continue_on_error=False, executor='parallel', parallel_workers=64, event_handlers=None, ignore_user_meta=False, metas=['./colcon.meta'], base_paths=['.'], packages_ignore=None, packages_ignore_regex=None, paths=None, packages_up_to=None, packages_up_to_regex=None, packages_above=None, packages_above_and_dependencies=None, packages_above_depth=None, packages_select_by_dep=None, packages_skip_by_dep=None, packages_skip_up_to=None, packages_select_build_failed=False, packages_skip_build_finished=False, packages_select_test_failures=False, packages_skip_test_passed=False, packages_select=['cslam_common_interfaces'], packages_skip=None, packages_select_regex=None, packages_skip_regex=None, packages_start=None, packages_end=None, cmake_args=None, cmake_target=None, cmake_target_skip_unavailable=False, cmake_clean_cache=False, cmake_clean_first=False, cmake_force_configure=False, ament_cmake_args=None, catkin_cmake_args=None, catkin_skip_building_tests=False, verb_parser=<colcon_defaults.argument_parser.defaults.DefaultArgumentsDecorator object at 0x7f34e8c80110>, verb_extension=<colcon_core.verb.build.BuildVerb object at 0x7f34e8fb0090>, main=<bound method BuildVerb.main of <colcon_core.verb.build.BuildVerb object at 0x7f34e8fb0090>>)
[0.128s] Level 1:colcon.colcon_core.package_discovery:discover_packages(colcon_meta) check parameters
[0.128s] Level 1:colcon.colcon_core.package_discovery:discover_packages(recursive) check parameters
[0.128s] Level 1:colcon.colcon_core.package_discovery:discover_packages(ignore) check parameters
[0.128s] Level 1:colcon.colcon_core.package_discovery:discover_packages(path) check parameters
[0.128s] Level 1:colcon.colcon_core.package_discovery:discover_packages(colcon_meta) discover
[0.128s] Level 1:colcon.colcon_core.package_discovery:discover_packages(recursive) discover
[0.128s] INFO:colcon.colcon_core.package_discovery:Crawling recursively for packages in '/mnt/disk1/pgguedje/research/gazebo_ros2_vnc'
[0.128s] Level 1:colcon.colcon_core.package_identification:_identify(.) by extensions ['ignore', 'ignore_ament_install']
[0.128s] Level 1:colcon.colcon_core.package_identification:_identify(.) by extension 'ignore'
[0.128s] Level 1:colcon.colcon_core.package_identification:_identify(.) by extension 'ignore_ament_install'
[0.128s] Level 1:colcon.colcon_core.package_identification:_identify(.) by extensions ['colcon_pkg']
[0.128s] Level 1:colcon.colcon_core.package_identification:_identify(.) by extension 'colcon_pkg'
[0.128s] Level 1:colcon.colcon_core.package_identification:_identify(.) by extensions ['colcon_meta']
[0.128s] Level 1:colcon.colcon_core.package_identification:_identify(.) by extension 'colcon_meta'
[0.128s] Level 1:colcon.colcon_core.package_identification:_identify(.) by extensions ['ros']
[0.128s] Level 1:colcon.colcon_core.package_identification:_identify(.) by extension 'ros'
[0.145s] Level 1:colcon.colcon_core.package_identification:_identify(.) by extensions ['cmake', 'python']
[0.145s] Level 1:colcon.colcon_core.package_identification:_identify(.) by extension 'cmake'
[0.145s] Level 1:colcon.colcon_core.package_identification:_identify(.) by extension 'python'
[0.145s] Level 1:colcon.colcon_core.package_identification:_identify(.) by extensions ['python_setup_py']
[0.145s] Level 1:colcon.colcon_core.package_identification:_identify(.) by extension 'python_setup_py'
[0.146s] Level 1:colcon.colcon_core.package_identification:_identify(build) by extensions ['ignore', 'ignore_ament_install']
[0.146s] Level 1:colcon.colcon_core.package_identification:_identify(build) by extension 'ignore'
[0.146s] Level 1:colcon.colcon_core.package_identification:_identify(build) ignored
[0.146s] Level 1:colcon.colcon_core.package_identification:_identify(install) by extensions ['ignore', 'ignore_ament_install']
[0.146s] Level 1:colcon.colcon_core.package_identification:_identify(install) by extension 'ignore'
[0.146s] Level 1:colcon.colcon_core.package_identification:_identify(install) ignored
[0.146s] Level 1:colcon.colcon_core.package_identification:_identify(log) by extensions ['ignore', 'ignore_ament_install']
[0.146s] Level 1:colcon.colcon_core.package_identification:_identify(log) by extension 'ignore'
[0.146s] Level 1:colcon.colcon_core.package_identification:_identify(log) ignored
[0.146s] Level 1:colcon.colcon_core.package_identification:_identify(src) by extensions ['ignore', 'ignore_ament_install']
[0.146s] Level 1:colcon.colcon_core.package_identification:_identify(src) by extension 'ignore'
[0.146s] Level 1:colcon.colcon_core.package_identification:_identify(src) by extension 'ignore_ament_install'
[0.146s] Level 1:colcon.colcon_core.package_identification:_identify(src) by extensions ['colcon_pkg']
[0.146s] Level 1:colcon.colcon_core.package_identification:_identify(src) by extension 'colcon_pkg'
[0.146s] Level 1:colcon.colcon_core.package_identification:_identify(src) by extensions ['colcon_meta']
[0.146s] Level 1:colcon.colcon_core.package_identification:_identify(src) by extension 'colcon_meta'
[0.146s] Level 1:colcon.colcon_core.package_identification:_identify(src) by extensions ['ros']
[0.146s] Level 1:colcon.colcon_core.package_identification:_identify(src) by extension 'ros'
[0.146s] Level 1:colcon.colcon_core.package_identification:_identify(src) by extensions ['cmake', 'python']
[0.146s] Level 1:colcon.colcon_core.package_identification:_identify(src) by extension 'cmake'
[0.146s] Level 1:colcon.colcon_core.package_identification:_identify(src) by extension 'python'
[0.146s] Level 1:colcon.colcon_core.package_identification:_identify(src) by extensions ['python_setup_py']
[0.146s] Level 1:colcon.colcon_core.package_identification:_identify(src) by extension 'python_setup_py'
[0.146s] Level 1:colcon.colcon_core.package_identification:_identify(src/cslam_workspace) by extensions ['ignore', 'ignore_ament_install']
[0.146s] Level 1:colcon.colcon_core.package_identification:_identify(src/cslam_workspace) by extension 'ignore'
[0.146s] Level 1:colcon.colcon_core.package_identification:_identify(src/cslam_workspace) by extension 'ignore_ament_install'
[0.146s] Level 1:colcon.colcon_core.package_identification:_identify(src/cslam_workspace) by extensions ['colcon_pkg']
[0.146s] Level 1:colcon.colcon_core.package_identification:_identify(src/cslam_workspace) by extension 'colcon_pkg'
[0.146s] Level 1:colcon.colcon_core.package_identification:_identify(src/cslam_workspace) by extensions ['colcon_meta']
[0.146s] Level 1:colcon.colcon_core.package_identification:_identify(src/cslam_workspace) by extension 'colcon_meta'
[0.146s] Level 1:colcon.colcon_core.package_identification:_identify(src/cslam_workspace) by extensions ['ros']
[0.146s] Level 1:colcon.colcon_core.package_identification:_identify(src/cslam_workspace) by extension 'ros'
[0.146s] Level 1:colcon.colcon_core.package_identification:_identify(src/cslam_workspace) by extensions ['cmake', 'python']
[0.146s] Level 1:colcon.colcon_core.package_identification:_identify(src/cslam_workspace) by extension 'cmake'
[0.146s] Level 1:colcon.colcon_core.package_identification:_identify(src/cslam_workspace) by extension 'python'
[0.146s] Level 1:colcon.colcon_core.package_identification:_identify(src/cslam_workspace) by extensions ['python_setup_py']
[0.146s] Level 1:colcon.colcon_core.package_identification:_identify(src/cslam_workspace) by extension 'python_setup_py'
[0.146s] Level 1:colcon.colcon_core.package_identification:_identify(src/cslam_workspace/cslam) by extensions ['ignore', 'ignore_ament_install']
[0.147s] Level 1:colcon.colcon_core.package_identification:_identify(src/cslam_workspace/cslam) by extension 'ignore'
[0.147s] Level 1:colcon.colcon_core.package_identification:_identify(src/cslam_workspace/cslam) by extension 'ignore_ament_install'
[0.147s] Level 1:colcon.colcon_core.package_identification:_identify(src/cslam_workspace/cslam) by extensions ['colcon_pkg']
[0.147s] Level 1:colcon.colcon_core.package_identification:_identify(src/cslam_workspace/cslam) by extension 'colcon_pkg'
[0.147s] Level 1:colcon.colcon_core.package_identification:_identify(src/cslam_workspace/cslam) by extensions ['colcon_meta']
[0.147s] Level 1:colcon.colcon_core.package_identification:_identify(src/cslam_workspace/cslam) by extension 'colcon_meta'
[0.147s] Level 1:colcon.colcon_core.package_identification:_identify(src/cslam_workspace/cslam) by extensions ['ros']
[0.147s] Level 1:colcon.colcon_core.package_identification:_identify(src/cslam_workspace/cslam) by extension 'ros'
[0.148s] DEBUG:colcon.colcon_core.package_identification:Package 'src/cslam_workspace/cslam' with type 'ros.ament_cmake' and name 'cslam'
[0.148s] Level 1:colcon.colcon_core.package_identification:_identify(src/cslam_workspace/cslam_experiments) by extensions ['ignore', 'ignore_ament_install']
[0.149s] Level 1:colcon.colcon_core.package_identification:_identify(src/cslam_workspace/cslam_experiments) by extension 'ignore'
[0.149s] Level 1:colcon.colcon_core.package_identification:_identify(src/cslam_workspace/cslam_experiments) by extension 'ignore_ament_install'
[0.149s] Level 1:colcon.colcon_core.package_identification:_identify(src/cslam_workspace/cslam_experiments) by extensions ['colcon_pkg']
[0.149s] Level 1:colcon.colcon_core.package_identification:_identify(src/cslam_workspace/cslam_experiments) by extension 'colcon_pkg'
[0.149s] Level 1:colcon.colcon_core.package_identification:_identify(src/cslam_workspace/cslam_experiments) by extensions ['colcon_meta']
[0.149s] Level 1:colcon.colcon_core.package_identification:_identify(src/cslam_workspace/cslam_experiments) by extension 'colcon_meta'
[0.149s] Level 1:colcon.colcon_core.package_identification:_identify(src/cslam_workspace/cslam_experiments) by extensions ['ros']
[0.149s] Level 1:colcon.colcon_core.package_identification:_identify(src/cslam_workspace/cslam_experiments) by extension 'ros'
[0.149s] DEBUG:colcon.colcon_core.package_identification:Package 'src/cslam_workspace/cslam_experiments' with type 'ros.ament_cmake' and name 'cslam_experiments'
[0.149s] Level 1:colcon.colcon_core.package_identification:_identify(src/cslam_workspace/cslam_interfaces) by extensions ['ignore', 'ignore_ament_install']
[0.149s] Level 1:colcon.colcon_core.package_identification:_identify(src/cslam_workspace/cslam_interfaces) by extension 'ignore'
[0.149s] Level 1:colcon.colcon_core.package_identification:_identify(src/cslam_workspace/cslam_interfaces) by extension 'ignore_ament_install'
[0.149s] Level 1:colcon.colcon_core.package_identification:_identify(src/cslam_workspace/cslam_interfaces) by extensions ['colcon_pkg']
[0.149s] Level 1:colcon.colcon_core.package_identification:_identify(src/cslam_workspace/cslam_interfaces) by extension 'colcon_pkg'
[0.149s] Level 1:colcon.colcon_core.package_identification:_identify(src/cslam_workspace/cslam_interfaces) by extensions ['colcon_meta']
[0.149s] Level 1:colcon.colcon_core.package_identification:_identify(src/cslam_workspace/cslam_interfaces) by extension 'colcon_meta'
[0.149s] Level 1:colcon.colcon_core.package_identification:_identify(src/cslam_workspace/cslam_interfaces) by extensions ['ros']
[0.149s] Level 1:colcon.colcon_core.package_identification:_identify(src/cslam_workspace/cslam_interfaces) by extension 'ros'
[0.149s] Level 1:colcon.colcon_core.package_identification:_identify(src/cslam_workspace/cslam_interfaces) by extensions ['cmake', 'python']
[0.149s] Level 1:colcon.colcon_core.package_identification:_identify(src/cslam_workspace/cslam_interfaces) by extension 'cmake'
[0.149s] Level 1:colcon.colcon_core.package_identification:_identify(src/cslam_workspace/cslam_interfaces) by extension 'python'
[0.149s] Level 1:colcon.colcon_core.package_identification:_identify(src/cslam_workspace/cslam_interfaces) by extensions ['python_setup_py']
[0.149s] Level 1:colcon.colcon_core.package_identification:_identify(src/cslam_workspace/cslam_interfaces) by extension 'python_setup_py'
[0.149s] Level 1:colcon.colcon_core.package_identification:_identify(src/cslam_workspace/cslam_interfaces/cslam_common_interfaces) by extensions ['ignore', 'ignore_ament_install']
[0.149s] Level 1:colcon.colcon_core.package_identification:_identify(src/cslam_workspace/cslam_interfaces/cslam_common_interfaces) by extension 'ignore'
[0.149s] Level 1:colcon.colcon_core.package_identification:_identify(src/cslam_workspace/cslam_interfaces/cslam_common_interfaces) by extension 'ignore_ament_install'
[0.149s] Level 1:colcon.colcon_core.package_identification:_identify(src/cslam_workspace/cslam_interfaces/cslam_common_interfaces) by extensions ['colcon_pkg']
[0.149s] Level 1:colcon.colcon_core.package_identification:_identify(src/cslam_workspace/cslam_interfaces/cslam_common_interfaces) by extension 'colcon_pkg'
[0.149s] Level 1:colcon.colcon_core.package_identification:_identify(src/cslam_workspace/cslam_interfaces/cslam_common_interfaces) by extensions ['colcon_meta']
[0.149s] Level 1:colcon.colcon_core.package_identification:_identify(src/cslam_workspace/cslam_interfaces/cslam_common_interfaces) by extension 'colcon_meta'
[0.149s] Level 1:colcon.colcon_core.package_identification:_identify(src/cslam_workspace/cslam_interfaces/cslam_common_interfaces) by extensions ['ros']
[0.149s] Level 1:colcon.colcon_core.package_identification:_identify(src/cslam_workspace/cslam_interfaces/cslam_common_interfaces) by extension 'ros'
[0.150s] DEBUG:colcon.colcon_core.package_identification:Package 'src/cslam_workspace/cslam_interfaces/cslam_common_interfaces' with type 'ros.ament_cmake' and name 'cslam_common_interfaces'
[0.150s] Level 1:colcon.colcon_core.package_identification:_identify(src/cslam_workspace/media) by extensions ['ignore', 'ignore_ament_install']
[0.150s] Level 1:colcon.colcon_core.package_identification:_identify(src/cslam_workspace/media) by extension 'ignore'
[0.150s] Level 1:colcon.colcon_core.package_identification:_identify(src/cslam_workspace/media) by extension 'ignore_ament_install'
[0.150s] Level 1:colcon.colcon_core.package_identification:_identify(src/cslam_workspace/media) by extensions ['colcon_pkg']
[0.150s] Level 1:colcon.colcon_core.package_identification:_identify(src/cslam_workspace/media) by extension 'colcon_pkg'
[0.150s] Level 1:colcon.colcon_core.package_identification:_identify(src/cslam_workspace/media) by extensions ['colcon_meta']
[0.150s] Level 1:colcon.colcon_core.package_identification:_identify(src/cslam_workspace/media) by extension 'colcon_meta'
[0.150s] Level 1:colcon.colcon_core.package_identification:_identify(src/cslam_workspace/media) by extensions ['ros']
[0.150s] Level 1:colcon.colcon_core.package_identification:_identify(src/cslam_workspace/media) by extension 'ros'
[0.150s] Level 1:colcon.colcon_core.package_identification:_identify(src/cslam_workspace/media) by extensions ['cmake', 'python']
[0.150s] Level 1:colcon.colcon_core.package_identification:_identify(src/cslam_workspace/media) by extension 'cmake'
[0.150s] Level 1:colcon.colcon_core.package_identification:_identify(src/cslam_workspace/media) by extension 'python'
[0.150s] Level 1:colcon.colcon_core.package_identification:_identify(src/cslam_workspace/media) by extensions ['python_setup_py']
[0.150s] Level 1:colcon.colcon_core.package_identification:_identify(src/cslam_workspace/media) by extension 'python_setup_py'
[0.150s] Level 1:colcon.colcon_core.package_identification:_identify(src/experiments) by extensions ['ignore', 'ignore_ament_install']
[0.150s] Level 1:colcon.colcon_core.package_identification:_identify(src/experiments) by extension 'ignore'
[0.150s] Level 1:colcon.colcon_core.package_identification:_identify(src/experiments) by extension 'ignore_ament_install'
[0.150s] Level 1:colcon.colcon_core.package_identification:_identify(src/experiments) by extensions ['colcon_pkg']
[0.150s] Level 1:colcon.colcon_core.package_identification:_identify(src/experiments) by extension 'colcon_pkg'
[0.150s] Level 1:colcon.colcon_core.package_identification:_identify(src/experiments) by extensions ['colcon_meta']
[0.150s] Level 1:colcon.colcon_core.package_identification:_identify(src/experiments) by extension 'colcon_meta'
[0.150s] Level 1:colcon.colcon_core.package_identification:_identify(src/experiments) by extensions ['ros']
[0.150s] Level 1:colcon.colcon_core.package_identification:_identify(src/experiments) by extension 'ros'
[0.150s] Level 1:colcon.colcon_core.package_identification:_identify(src/experiments) by extensions ['cmake', 'python']
[0.150s] Level 1:colcon.colcon_core.package_identification:_identify(src/experiments) by extension 'cmake'
[0.150s] Level 1:colcon.colcon_core.package_identification:_identify(src/experiments) by extension 'python'
[0.150s] Level 1:colcon.colcon_core.package_identification:_identify(src/experiments) by extensions ['python_setup_py']
[0.150s] Level 1:colcon.colcon_core.package_identification:_identify(src/experiments) by extension 'python_setup_py'
[0.150s] Level 1:colcon.colcon_core.package_identification:_identify(src/swarm_sim_pkg) by extensions ['ignore', 'ignore_ament_install']
[0.150s] Level 1:colcon.colcon_core.package_identification:_identify(src/swarm_sim_pkg) by extension 'ignore'
[0.150s] Level 1:colcon.colcon_core.package_identification:_identify(src/swarm_sim_pkg) by extension 'ignore_ament_install'
[0.150s] Level 1:colcon.colcon_core.package_identification:_identify(src/swarm_sim_pkg) by extensions ['colcon_pkg']
[0.150s] Level 1:colcon.colcon_core.package_identification:_identify(src/swarm_sim_pkg) by extension 'colcon_pkg'
[0.150s] Level 1:colcon.colcon_core.package_identification:_identify(src/swarm_sim_pkg) by extensions ['colcon_meta']
[0.150s] Level 1:colcon.colcon_core.package_identification:_identify(src/swarm_sim_pkg) by extension 'colcon_meta'
[0.151s] Level 1:colcon.colcon_core.package_identification:_identify(src/swarm_sim_pkg) by extensions ['ros']
[0.151s] Level 1:colcon.colcon_core.package_identification:_identify(src/swarm_sim_pkg) by extension 'ros'
[0.151s] DEBUG:colcon.colcon_core.package_identification:Failed to parse potential ROS package manifest in'src/swarm_sim_pkg': Error(s) in package 'src/swarm_sim_pkg/package.xml':
The manifest contains invalid XML:
XML or text declaration not at start of entity: line 2, column 0
[0.151s] Level 1:colcon.colcon_core.package_identification:_identify(src/swarm_sim_pkg) by extensions ['cmake', 'python']
[0.151s] Level 1:colcon.colcon_core.package_identification:_identify(src/swarm_sim_pkg) by extension 'cmake'
[0.151s] Level 1:colcon.colcon_core.package_identification:_identify(src/swarm_sim_pkg) by extension 'python'
[0.151s] Level 1:colcon.colcon_core.package_identification:_identify(src/swarm_sim_pkg) by extensions ['python_setup_py']
[0.151s] Level 1:colcon.colcon_core.package_identification:_identify(src/swarm_sim_pkg) by extension 'python_setup_py'
[0.307s] DEBUG:colcon.colcon_core.package_identification:Package 'src/swarm_sim_pkg' with type 'python' and name 'swarm_sim'
[0.307s] Level 1:colcon.colcon_core.package_identification:_identify(src/utils) by extensions ['ignore', 'ignore_ament_install']
[0.307s] Level 1:colcon.colcon_core.package_identification:_identify(src/utils) by extension 'ignore'
[0.308s] Level 1:colcon.colcon_core.package_identification:_identify(src/utils) by extension 'ignore_ament_install'
[0.308s] Level 1:colcon.colcon_core.package_identification:_identify(src/utils) by extensions ['colcon_pkg']
[0.308s] Level 1:colcon.colcon_core.package_identification:_identify(src/utils) by extension 'colcon_pkg'
[0.308s] Level 1:colcon.colcon_core.package_identification:_identify(src/utils) by extensions ['colcon_meta']
[0.308s] Level 1:colcon.colcon_core.package_identification:_identify(src/utils) by extension 'colcon_meta'
[0.308s] Level 1:colcon.colcon_core.package_identification:_identify(src/utils) by extensions ['ros']
[0.308s] Level 1:colcon.colcon_core.package_identification:_identify(src/utils) by extension 'ros'
[0.308s] Level 1:colcon.colcon_core.package_identification:_identify(src/utils) by extensions ['cmake', 'python']
[0.308s] Level 1:colcon.colcon_core.package_identification:_identify(src/utils) by extension 'cmake'
[0.308s] Level 1:colcon.colcon_core.package_identification:_identify(src/utils) by extension 'python'
[0.308s] Level 1:colcon.colcon_core.package_identification:_identify(src/utils) by extensions ['python_setup_py']
[0.308s] Level 1:colcon.colcon_core.package_identification:_identify(src/utils) by extension 'python_setup_py'
[0.308s] Level 1:colcon.colcon_core.package_discovery:discover_packages(recursive) using defaults
[0.308s] Level 1:colcon.colcon_core.package_discovery:discover_packages(ignore) discover
[0.308s] Level 1:colcon.colcon_core.package_discovery:discover_packages(ignore) using defaults
[0.308s] Level 1:colcon.colcon_core.package_discovery:discover_packages(path) discover
[0.308s] Level 1:colcon.colcon_core.package_discovery:discover_packages(path) using defaults
[0.319s] INFO:colcon.colcon_core.package_selection:Skipping not selected package 'swarm_sim' in 'src/swarm_sim_pkg'
[0.319s] INFO:colcon.colcon_core.package_selection:Skipping not selected package 'cslam' in 'src/cslam_workspace/cslam'
[0.319s] INFO:colcon.colcon_core.package_selection:Skipping not selected package 'cslam_experiments' in 'src/cslam_workspace/cslam_experiments'
[0.319s] Level 5:colcon.colcon_core.verb:set package 'cslam_common_interfaces' build argument 'cmake_args' from command line to 'None'
[0.319s] Level 5:colcon.colcon_core.verb:set package 'cslam_common_interfaces' build argument 'cmake_target' from command line to 'None'
[0.319s] Level 5:colcon.colcon_core.verb:set package 'cslam_common_interfaces' build argument 'cmake_target_skip_unavailable' from command line to 'False'
[0.319s] Level 5:colcon.colcon_core.verb:set package 'cslam_common_interfaces' build argument 'cmake_clean_cache' from command line to 'False'
[0.319s] Level 5:colcon.colcon_core.verb:set package 'cslam_common_interfaces' build argument 'cmake_clean_first' from command line to 'False'
[0.319s] Level 5:colcon.colcon_core.verb:set package 'cslam_common_interfaces' build argument 'cmake_force_configure' from command line to 'False'
[0.319s] Level 5:colcon.colcon_core.verb:set package 'cslam_common_interfaces' build argument 'ament_cmake_args' from command line to 'None'
[0.319s] Level 5:colcon.colcon_core.verb:set package 'cslam_common_interfaces' build argument 'catkin_cmake_args' from command line to 'None'
[0.319s] Level 5:colcon.colcon_core.verb:set package 'cslam_common_interfaces' build argument 'catkin_skip_building_tests' from command line to 'False'
[0.319s] DEBUG:colcon.colcon_core.verb:Building package 'cslam_common_interfaces' with the following arguments: {'ament_cmake_args': None, 'build_base': '/mnt/disk1/pgguedje/research/gazebo_ros2_vnc/build/cslam_common_interfaces', 'catkin_cmake_args': None, 'catkin_skip_building_tests': False, 'cmake_args': None, 'cmake_clean_cache': False, 'cmake_clean_first': False, 'cmake_force_configure': False, 'cmake_target': None, 'cmake_target_skip_unavailable': False, 'install_base': '/mnt/disk1/pgguedje/research/gazebo_ros2_vnc/install/cslam_common_interfaces', 'merge_install': False, 'path': '/mnt/disk1/pgguedje/research/gazebo_ros2_vnc/src/cslam_workspace/cslam_interfaces/cslam_common_interfaces', 'symlink_install': False, 'test_result_base': None}
[0.319s] INFO:colcon.colcon_core.executor:Executing jobs using 'parallel' executor
[0.320s] DEBUG:colcon.colcon_parallel_executor.executor.parallel:run_until_complete
[0.320s] INFO:colcon.colcon_ros.task.ament_cmake.build:Building ROS package in '/mnt/disk1/pgguedje/research/gazebo_ros2_vnc/src/cslam_workspace/cslam_interfaces/cslam_common_interfaces' with build type 'ament_cmake'
[0.321s] INFO:colcon.colcon_cmake.task.cmake.build:Building CMake package in '/mnt/disk1/pgguedje/research/gazebo_ros2_vnc/src/cslam_workspace/cslam_interfaces/cslam_common_interfaces'
[0.322s] INFO:colcon.colcon_core.plugin_system:Skipping extension 'colcon_core.shell.bat': Not used on non-Windows systems
[0.322s] INFO:colcon.colcon_core.shell:Skip shell extension 'powershell' for command environment: Not usable outside of PowerShell
[0.322s] DEBUG:colcon.colcon_core.shell:Skip shell extension 'dsv' for command environment
[0.329s] DEBUG:colcon.colcon_core.event_handler.log_command:Invoking command in '/mnt/disk1/pgguedje/research/gazebo_ros2_vnc/build/cslam_common_interfaces': /usr/bin/cmake /mnt/disk1/pgguedje/research/gazebo_ros2_vnc/src/cslam_workspace/cslam_interfaces/cslam_common_interfaces -DCMAKE_INSTALL_PREFIX=/mnt/disk1/pgguedje/research/gazebo_ros2_vnc/install/cslam_common_interfaces
[0.933s] DEBUG:colcon.colcon_core.event_handler.log_command:Invoked command in '/mnt/disk1/pgguedje/research/gazebo_ros2_vnc/build/cslam_common_interfaces' returned '1': /usr/bin/cmake /mnt/disk1/pgguedje/research/gazebo_ros2_vnc/src/cslam_workspace/cslam_interfaces/cslam_common_interfaces -DCMAKE_INSTALL_PREFIX=/mnt/disk1/pgguedje/research/gazebo_ros2_vnc/install/cslam_common_interfaces
[0.959s] Level 1:colcon.colcon_core.environment:create_environment_scripts_only(cslam_common_interfaces)
[0.962s] Level 1:colcon.colcon_core.environment:checking '/mnt/disk1/pgguedje/research/gazebo_ros2_vnc/install/cslam_common_interfaces' for CMake module files
[0.963s] Level 1:colcon.colcon_core.environment:checking '/mnt/disk1/pgguedje/research/gazebo_ros2_vnc/install/cslam_common_interfaces' for CMake config files
[0.963s] Level 1:colcon.colcon_core.environment:checking '/mnt/disk1/pgguedje/research/gazebo_ros2_vnc/install/cslam_common_interfaces/bin'
[0.963s] Level 1:colcon.colcon_core.environment:checking '/mnt/disk1/pgguedje/research/gazebo_ros2_vnc/install/cslam_common_interfaces/lib/pkgconfig/cslam_common_interfaces.pc'
[0.965s] Level 1:colcon.colcon_core.environment:checking '/mnt/disk1/pgguedje/research/gazebo_ros2_vnc/install/cslam_common_interfaces/lib/python3.11/site-packages'
[0.966s] Level 1:colcon.colcon_core.environment:checking '/mnt/disk1/pgguedje/research/gazebo_ros2_vnc/install/cslam_common_interfaces/bin'
[0.966s] INFO:colcon.colcon_core.shell:Creating package script '/mnt/disk1/pgguedje/research/gazebo_ros2_vnc/install/cslam_common_interfaces/share/cslam_common_interfaces/package.ps1'
[0.968s] INFO:colcon.colcon_core.shell:Creating package descriptor '/mnt/disk1/pgguedje/research/gazebo_ros2_vnc/install/cslam_common_interfaces/share/cslam_common_interfaces/package.dsv'
[0.969s] INFO:colcon.colcon_core.shell:Creating package script '/mnt/disk1/pgguedje/research/gazebo_ros2_vnc/install/cslam_common_interfaces/share/cslam_common_interfaces/package.sh'
[0.970s] INFO:colcon.colcon_core.shell:Creating package script '/mnt/disk1/pgguedje/research/gazebo_ros2_vnc/install/cslam_common_interfaces/share/cslam_common_interfaces/package.bash'
[0.971s] INFO:colcon.colcon_core.shell:Creating package script '/mnt/disk1/pgguedje/research/gazebo_ros2_vnc/install/cslam_common_interfaces/share/cslam_common_interfaces/package.zsh'
[0.972s] Level 1:colcon.colcon_core.environment:create_file_with_runtime_dependencies(/mnt/disk1/pgguedje/research/gazebo_ros2_vnc/install/cslam_common_interfaces/share/colcon-core/packages/cslam_common_interfaces)
[0.983s] DEBUG:colcon.colcon_parallel_executor.executor.parallel:closing loop
[0.983s] DEBUG:colcon.colcon_parallel_executor.executor.parallel:loop closed
[0.983s] DEBUG:colcon.colcon_parallel_executor.executor.parallel:run_until_complete finished with '1'
[0.983s] DEBUG:colcon.colcon_core.event_reactor:joining thread
[0.992s] INFO:colcon.colcon_core.plugin_system:Skipping extension 'colcon_notification.desktop_notification.terminal_notifier': Not used on non-Darwin systems
[0.992s] INFO:colcon.colcon_core.plugin_system:Skipping extension 'colcon_notification.desktop_notification.win32': Not used on non-Windows systems
[0.992s] INFO:colcon.colcon_notification.desktop_notification:Sending desktop notification using 'notify2'
[0.993s] DEBUG:colcon.colcon_notification.desktop_notification.notify2:Failed to initialize notify2: org.freedesktop.DBus.Error.ServiceUnknown: The name org.freedesktop.Notifications was not provided by any .service files
[0.994s] DEBUG:colcon.colcon_core.event_reactor:joined thread
[0.994s] INFO:colcon.colcon_core.shell:Creating prefix script '/mnt/disk1/pgguedje/research/gazebo_ros2_vnc/install/local_setup.ps1'
[0.996s] INFO:colcon.colcon_core.shell:Creating prefix util module '/mnt/disk1/pgguedje/research/gazebo_ros2_vnc/install/_local_setup_util_ps1.py'
[0.999s] INFO:colcon.colcon_core.shell:Creating prefix chain script '/mnt/disk1/pgguedje/research/gazebo_ros2_vnc/install/setup.ps1'
[1.000s] INFO:colcon.colcon_core.shell:Creating prefix script '/mnt/disk1/pgguedje/research/gazebo_ros2_vnc/install/local_setup.sh'
[1.001s] INFO:colcon.colcon_core.shell:Creating prefix util module '/mnt/disk1/pgguedje/research/gazebo_ros2_vnc/install/_local_setup_util_sh.py'
[1.003s] INFO:colcon.colcon_core.shell:Creating prefix chain script '/mnt/disk1/pgguedje/research/gazebo_ros2_vnc/install/setup.sh'
[1.004s] INFO:colcon.colcon_core.shell:Creating prefix script '/mnt/disk1/pgguedje/research/gazebo_ros2_vnc/install/local_setup.bash'
[1.005s] INFO:colcon.colcon_core.shell:Creating prefix chain script '/mnt/disk1/pgguedje/research/gazebo_ros2_vnc/install/setup.bash'
[1.007s] INFO:colcon.colcon_core.shell:Creating prefix script '/mnt/disk1/pgguedje/research/gazebo_ros2_vnc/install/local_setup.zsh'
[1.008s] INFO:colcon.colcon_core.shell:Creating prefix chain script '/mnt/disk1/pgguedje/research/gazebo_ros2_vnc/install/setup.zsh'
