[0.008s] Invoking command in '/mnt/disk1/pgguedje/research/gazebo_ros2_vnc/build/cslam_common_interfaces': /usr/bin/cmake /mnt/disk1/pgguedje/research/gazebo_ros2_vnc/src/cslam_workspace/cslam_interfaces/cslam_common_interfaces -DCMAKE_INSTALL_PREFIX=/mnt/disk1/pgguedje/research/gazebo_ros2_vnc/install/cslam_common_interfaces
[0.181s] -- The C compiler identification is GNU 12.2.0
[0.278s] -- The CXX compiler identification is GNU 12.2.0
[0.300s] -- Detecting C compiler ABI info
[0.416s] -- Detecting C compiler ABI info - done
[0.427s] -- Check for working C compiler: /usr/bin/cc - skipped
[0.428s] -- Detecting C compile features
[0.429s] -- Detecting C compile features - done
[0.435s] -- Detecting CXX compiler ABI info
[0.580s] -- Detecting CXX compiler ABI info - done
[0.595s] -- Check for working CXX compiler: /usr/bin/c++ - skipped
[0.595s] -- Detecting CXX compile features
[0.596s] -- Detecting CXX compile features - done
[0.606s] [31mCMake Error at CMakeLists.txt:19 (find_package):
[0.606s]   By not providing "Findament_cmake.cmake" in CMAKE_MODULE_PATH this project
[0.606s]   has asked CMake to find a package configuration file provided by
[0.606s]   "ament_cmake", but CMake did not find one.
[0.606s] 
[0.607s]   Could not find a package configuration file provided by "ament_cmake" with
[0.607s]   any of the following names:
[0.607s] 
[0.607s]     ament_cmakeConfig.cmake
[0.607s]     ament_cmake-config.cmake
[0.607s] 
[0.607s]   Add the installation prefix of "ament_cmake" to CMAKE_PREFIX_PATH or set
[0.607s]   "ament_cmake_DIR" to a directory containing one of the above files.  If
[0.607s]   "ament_cmake" provides a separate development package or SDK, be sure it
[0.607s]   has been installed.
[0.607s] 
[0.607s] [0m
[0.607s] -- Configuring incomplete, errors occurred!
[0.608s] See also "/mnt/disk1/pgguedje/research/gazebo_ros2_vnc/build/cslam_common_interfaces/CMakeFiles/CMakeOutput.log".
[0.612s] Invoked command in '/mnt/disk1/pgguedje/research/gazebo_ros2_vnc/build/cslam_common_interfaces' returned '1': /usr/bin/cmake /mnt/disk1/pgguedje/research/gazebo_ros2_vnc/src/cslam_workspace/cslam_interfaces/cslam_common_interfaces -DCMAKE_INSTALL_PREFIX=/mnt/disk1/pgguedje/research/gazebo_ros2_vnc/install/cslam_common_interfaces
