[0.071s] DEBUG:colcon:Command line arguments: ['/home/pgguedje/.local/bin/colcon', 'build', '--packages-select', 'cslam', 'cslam_interfaces', 'cslam_experiments']
[0.071s] DEBUG:colcon:Parsed command line arguments: Namespace(log_base=None, log_level=None, verb_name='build', build_base='build', install_base='install', merge_install=False, symlink_install=False, test_result_base=None, continue_on_error=False, executor='parallel', parallel_workers=64, event_handlers=None, ignore_user_meta=False, metas=['./colcon.meta'], base_paths=['.'], packages_ignore=None, packages_ignore_regex=None, paths=None, packages_up_to=None, packages_up_to_regex=None, packages_above=None, packages_above_and_dependencies=None, packages_above_depth=None, packages_select_by_dep=None, packages_skip_by_dep=None, packages_skip_up_to=None, packages_select_build_failed=False, packages_skip_build_finished=False, packages_select_test_failures=False, packages_skip_test_passed=False, packages_select=['cslam', 'cslam_interfaces', 'cslam_experiments'], packages_skip=None, packages_select_regex=None, packages_skip_regex=None, packages_start=None, packages_end=None, cmake_args=None, cmake_target=None, cmake_target_skip_unavailable=False, cmake_clean_cache=False, cmake_clean_first=False, cmake_force_configure=False, ament_cmake_args=None, catkin_cmake_args=None, catkin_skip_building_tests=False, verb_parser=<colcon_defaults.argument_parser.defaults.DefaultArgumentsDecorator object at 0x7fdbbabb1c10>, verb_extension=<colcon_core.verb.build.BuildVerb object at 0x7fdbb9e76510>, main=<bound method BuildVerb.main of <colcon_core.verb.build.BuildVerb object at 0x7fdbb9e76510>>)
[0.128s] Level 1:colcon.colcon_core.package_discovery:discover_packages(colcon_meta) check parameters
[0.128s] Level 1:colcon.colcon_core.package_discovery:discover_packages(recursive) check parameters
[0.128s] Level 1:colcon.colcon_core.package_discovery:discover_packages(ignore) check parameters
[0.128s] Level 1:colcon.colcon_core.package_discovery:discover_packages(path) check parameters
[0.128s] Level 1:colcon.colcon_core.package_discovery:discover_packages(colcon_meta) discover
[0.128s] Level 1:colcon.colcon_core.package_discovery:discover_packages(recursive) discover
[0.128s] INFO:colcon.colcon_core.package_discovery:Crawling recursively for packages in '/mnt/disk1/pgguedje/research/gazebo_ros2_vnc'
[0.128s] Level 1:colcon.colcon_core.package_identification:_identify(.) by extensions ['ignore', 'ignore_ament_install']
[0.128s] Level 1:colcon.colcon_core.package_identification:_identify(.) by extension 'ignore'
[0.128s] Level 1:colcon.colcon_core.package_identification:_identify(.) by extension 'ignore_ament_install'
[0.128s] Level 1:colcon.colcon_core.package_identification:_identify(.) by extensions ['colcon_pkg']
[0.128s] Level 1:colcon.colcon_core.package_identification:_identify(.) by extension 'colcon_pkg'
[0.128s] Level 1:colcon.colcon_core.package_identification:_identify(.) by extensions ['colcon_meta']
[0.128s] Level 1:colcon.colcon_core.package_identification:_identify(.) by extension 'colcon_meta'
[0.128s] Level 1:colcon.colcon_core.package_identification:_identify(.) by extensions ['ros']
[0.128s] Level 1:colcon.colcon_core.package_identification:_identify(.) by extension 'ros'
[0.161s] Level 1:colcon.colcon_core.package_identification:_identify(.) by extensions ['cmake', 'python']
[0.161s] Level 1:colcon.colcon_core.package_identification:_identify(.) by extension 'cmake'
[0.161s] Level 1:colcon.colcon_core.package_identification:_identify(.) by extension 'python'
[0.161s] Level 1:colcon.colcon_core.package_identification:_identify(.) by extensions ['python_setup_py']
[0.161s] Level 1:colcon.colcon_core.package_identification:_identify(.) by extension 'python_setup_py'
[0.161s] Level 1:colcon.colcon_core.package_identification:_identify(build) by extensions ['ignore', 'ignore_ament_install']
[0.161s] Level 1:colcon.colcon_core.package_identification:_identify(build) by extension 'ignore'
[0.161s] Level 1:colcon.colcon_core.package_identification:_identify(build) ignored
[0.161s] Level 1:colcon.colcon_core.package_identification:_identify(install) by extensions ['ignore', 'ignore_ament_install']
[0.161s] Level 1:colcon.colcon_core.package_identification:_identify(install) by extension 'ignore'
[0.161s] Level 1:colcon.colcon_core.package_identification:_identify(install) ignored
[0.161s] Level 1:colcon.colcon_core.package_identification:_identify(log) by extensions ['ignore', 'ignore_ament_install']
[0.161s] Level 1:colcon.colcon_core.package_identification:_identify(log) by extension 'ignore'
[0.161s] Level 1:colcon.colcon_core.package_identification:_identify(log) ignored
[0.161s] Level 1:colcon.colcon_core.package_identification:_identify(src) by extensions ['ignore', 'ignore_ament_install']
[0.161s] Level 1:colcon.colcon_core.package_identification:_identify(src) by extension 'ignore'
[0.161s] Level 1:colcon.colcon_core.package_identification:_identify(src) by extension 'ignore_ament_install'
[0.161s] Level 1:colcon.colcon_core.package_identification:_identify(src) by extensions ['colcon_pkg']
[0.161s] Level 1:colcon.colcon_core.package_identification:_identify(src) by extension 'colcon_pkg'
[0.161s] Level 1:colcon.colcon_core.package_identification:_identify(src) by extensions ['colcon_meta']
[0.162s] Level 1:colcon.colcon_core.package_identification:_identify(src) by extension 'colcon_meta'
[0.162s] Level 1:colcon.colcon_core.package_identification:_identify(src) by extensions ['ros']
[0.162s] Level 1:colcon.colcon_core.package_identification:_identify(src) by extension 'ros'
[0.162s] Level 1:colcon.colcon_core.package_identification:_identify(src) by extensions ['cmake', 'python']
[0.162s] Level 1:colcon.colcon_core.package_identification:_identify(src) by extension 'cmake'
[0.162s] Level 1:colcon.colcon_core.package_identification:_identify(src) by extension 'python'
[0.162s] Level 1:colcon.colcon_core.package_identification:_identify(src) by extensions ['python_setup_py']
[0.162s] Level 1:colcon.colcon_core.package_identification:_identify(src) by extension 'python_setup_py'
[0.162s] Level 1:colcon.colcon_core.package_identification:_identify(src/cslam_workspace) by extensions ['ignore', 'ignore_ament_install']
[0.162s] Level 1:colcon.colcon_core.package_identification:_identify(src/cslam_workspace) by extension 'ignore'
[0.162s] Level 1:colcon.colcon_core.package_identification:_identify(src/cslam_workspace) by extension 'ignore_ament_install'
[0.162s] Level 1:colcon.colcon_core.package_identification:_identify(src/cslam_workspace) by extensions ['colcon_pkg']
[0.162s] Level 1:colcon.colcon_core.package_identification:_identify(src/cslam_workspace) by extension 'colcon_pkg'
[0.162s] Level 1:colcon.colcon_core.package_identification:_identify(src/cslam_workspace) by extensions ['colcon_meta']
[0.162s] Level 1:colcon.colcon_core.package_identification:_identify(src/cslam_workspace) by extension 'colcon_meta'
[0.162s] Level 1:colcon.colcon_core.package_identification:_identify(src/cslam_workspace) by extensions ['ros']
[0.162s] Level 1:colcon.colcon_core.package_identification:_identify(src/cslam_workspace) by extension 'ros'
[0.162s] Level 1:colcon.colcon_core.package_identification:_identify(src/cslam_workspace) by extensions ['cmake', 'python']
[0.162s] Level 1:colcon.colcon_core.package_identification:_identify(src/cslam_workspace) by extension 'cmake'
[0.162s] Level 1:colcon.colcon_core.package_identification:_identify(src/cslam_workspace) by extension 'python'
[0.162s] Level 1:colcon.colcon_core.package_identification:_identify(src/cslam_workspace) by extensions ['python_setup_py']
[0.162s] Level 1:colcon.colcon_core.package_identification:_identify(src/cslam_workspace) by extension 'python_setup_py'
[0.162s] Level 1:colcon.colcon_core.package_identification:_identify(src/cslam_workspace/cslam) by extensions ['ignore', 'ignore_ament_install']
[0.162s] Level 1:colcon.colcon_core.package_identification:_identify(src/cslam_workspace/cslam) by extension 'ignore'
[0.162s] Level 1:colcon.colcon_core.package_identification:_identify(src/cslam_workspace/cslam) by extension 'ignore_ament_install'
[0.162s] Level 1:colcon.colcon_core.package_identification:_identify(src/cslam_workspace/cslam) by extensions ['colcon_pkg']
[0.162s] Level 1:colcon.colcon_core.package_identification:_identify(src/cslam_workspace/cslam) by extension 'colcon_pkg'
[0.162s] Level 1:colcon.colcon_core.package_identification:_identify(src/cslam_workspace/cslam) by extensions ['colcon_meta']
[0.162s] Level 1:colcon.colcon_core.package_identification:_identify(src/cslam_workspace/cslam) by extension 'colcon_meta'
[0.162s] Level 1:colcon.colcon_core.package_identification:_identify(src/cslam_workspace/cslam) by extensions ['ros']
[0.162s] Level 1:colcon.colcon_core.package_identification:_identify(src/cslam_workspace/cslam) by extension 'ros'
[0.164s] DEBUG:colcon.colcon_core.package_identification:Package 'src/cslam_workspace/cslam' with type 'ros.ament_cmake' and name 'cslam'
[0.164s] Level 1:colcon.colcon_core.package_identification:_identify(src/cslam_workspace/cslam_experiments) by extensions ['ignore', 'ignore_ament_install']
[0.164s] Level 1:colcon.colcon_core.package_identification:_identify(src/cslam_workspace/cslam_experiments) by extension 'ignore'
[0.164s] Level 1:colcon.colcon_core.package_identification:_identify(src/cslam_workspace/cslam_experiments) by extension 'ignore_ament_install'
[0.164s] Level 1:colcon.colcon_core.package_identification:_identify(src/cslam_workspace/cslam_experiments) by extensions ['colcon_pkg']
[0.164s] Level 1:colcon.colcon_core.package_identification:_identify(src/cslam_workspace/cslam_experiments) by extension 'colcon_pkg'
[0.164s] Level 1:colcon.colcon_core.package_identification:_identify(src/cslam_workspace/cslam_experiments) by extensions ['colcon_meta']
[0.164s] Level 1:colcon.colcon_core.package_identification:_identify(src/cslam_workspace/cslam_experiments) by extension 'colcon_meta'
[0.164s] Level 1:colcon.colcon_core.package_identification:_identify(src/cslam_workspace/cslam_experiments) by extensions ['ros']
[0.164s] Level 1:colcon.colcon_core.package_identification:_identify(src/cslam_workspace/cslam_experiments) by extension 'ros'
[0.165s] DEBUG:colcon.colcon_core.package_identification:Package 'src/cslam_workspace/cslam_experiments' with type 'ros.ament_cmake' and name 'cslam_experiments'
[0.165s] Level 1:colcon.colcon_core.package_identification:_identify(src/cslam_workspace/cslam_interfaces) by extensions ['ignore', 'ignore_ament_install']
[0.165s] Level 1:colcon.colcon_core.package_identification:_identify(src/cslam_workspace/cslam_interfaces) by extension 'ignore'
[0.165s] Level 1:colcon.colcon_core.package_identification:_identify(src/cslam_workspace/cslam_interfaces) by extension 'ignore_ament_install'
[0.165s] Level 1:colcon.colcon_core.package_identification:_identify(src/cslam_workspace/cslam_interfaces) by extensions ['colcon_pkg']
[0.165s] Level 1:colcon.colcon_core.package_identification:_identify(src/cslam_workspace/cslam_interfaces) by extension 'colcon_pkg'
[0.165s] Level 1:colcon.colcon_core.package_identification:_identify(src/cslam_workspace/cslam_interfaces) by extensions ['colcon_meta']
[0.165s] Level 1:colcon.colcon_core.package_identification:_identify(src/cslam_workspace/cslam_interfaces) by extension 'colcon_meta'
[0.165s] Level 1:colcon.colcon_core.package_identification:_identify(src/cslam_workspace/cslam_interfaces) by extensions ['ros']
[0.165s] Level 1:colcon.colcon_core.package_identification:_identify(src/cslam_workspace/cslam_interfaces) by extension 'ros'
[0.165s] Level 1:colcon.colcon_core.package_identification:_identify(src/cslam_workspace/cslam_interfaces) by extensions ['cmake', 'python']
[0.165s] Level 1:colcon.colcon_core.package_identification:_identify(src/cslam_workspace/cslam_interfaces) by extension 'cmake'
[0.165s] Level 1:colcon.colcon_core.package_identification:_identify(src/cslam_workspace/cslam_interfaces) by extension 'python'
[0.165s] Level 1:colcon.colcon_core.package_identification:_identify(src/cslam_workspace/cslam_interfaces) by extensions ['python_setup_py']
[0.165s] Level 1:colcon.colcon_core.package_identification:_identify(src/cslam_workspace/cslam_interfaces) by extension 'python_setup_py'
[0.165s] Level 1:colcon.colcon_core.package_identification:_identify(src/cslam_workspace/cslam_interfaces/cslam_common_interfaces) by extensions ['ignore', 'ignore_ament_install']
[0.165s] Level 1:colcon.colcon_core.package_identification:_identify(src/cslam_workspace/cslam_interfaces/cslam_common_interfaces) by extension 'ignore'
[0.165s] Level 1:colcon.colcon_core.package_identification:_identify(src/cslam_workspace/cslam_interfaces/cslam_common_interfaces) by extension 'ignore_ament_install'
[0.165s] Level 1:colcon.colcon_core.package_identification:_identify(src/cslam_workspace/cslam_interfaces/cslam_common_interfaces) by extensions ['colcon_pkg']
[0.165s] Level 1:colcon.colcon_core.package_identification:_identify(src/cslam_workspace/cslam_interfaces/cslam_common_interfaces) by extension 'colcon_pkg'
[0.165s] Level 1:colcon.colcon_core.package_identification:_identify(src/cslam_workspace/cslam_interfaces/cslam_common_interfaces) by extensions ['colcon_meta']
[0.165s] Level 1:colcon.colcon_core.package_identification:_identify(src/cslam_workspace/cslam_interfaces/cslam_common_interfaces) by extension 'colcon_meta'
[0.165s] Level 1:colcon.colcon_core.package_identification:_identify(src/cslam_workspace/cslam_interfaces/cslam_common_interfaces) by extensions ['ros']
[0.165s] Level 1:colcon.colcon_core.package_identification:_identify(src/cslam_workspace/cslam_interfaces/cslam_common_interfaces) by extension 'ros'
[0.166s] DEBUG:colcon.colcon_core.package_identification:Package 'src/cslam_workspace/cslam_interfaces/cslam_common_interfaces' with type 'ros.ament_cmake' and name 'cslam_common_interfaces'
[0.166s] Level 1:colcon.colcon_core.package_identification:_identify(src/cslam_workspace/media) by extensions ['ignore', 'ignore_ament_install']
[0.166s] Level 1:colcon.colcon_core.package_identification:_identify(src/cslam_workspace/media) by extension 'ignore'
[0.166s] Level 1:colcon.colcon_core.package_identification:_identify(src/cslam_workspace/media) by extension 'ignore_ament_install'
[0.166s] Level 1:colcon.colcon_core.package_identification:_identify(src/cslam_workspace/media) by extensions ['colcon_pkg']
[0.166s] Level 1:colcon.colcon_core.package_identification:_identify(src/cslam_workspace/media) by extension 'colcon_pkg'
[0.166s] Level 1:colcon.colcon_core.package_identification:_identify(src/cslam_workspace/media) by extensions ['colcon_meta']
[0.166s] Level 1:colcon.colcon_core.package_identification:_identify(src/cslam_workspace/media) by extension 'colcon_meta'
[0.166s] Level 1:colcon.colcon_core.package_identification:_identify(src/cslam_workspace/media) by extensions ['ros']
[0.166s] Level 1:colcon.colcon_core.package_identification:_identify(src/cslam_workspace/media) by extension 'ros'
[0.166s] Level 1:colcon.colcon_core.package_identification:_identify(src/cslam_workspace/media) by extensions ['cmake', 'python']
[0.166s] Level 1:colcon.colcon_core.package_identification:_identify(src/cslam_workspace/media) by extension 'cmake'
[0.166s] Level 1:colcon.colcon_core.package_identification:_identify(src/cslam_workspace/media) by extension 'python'
[0.166s] Level 1:colcon.colcon_core.package_identification:_identify(src/cslam_workspace/media) by extensions ['python_setup_py']
[0.166s] Level 1:colcon.colcon_core.package_identification:_identify(src/cslam_workspace/media) by extension 'python_setup_py'
[0.166s] Level 1:colcon.colcon_core.package_identification:_identify(src/experiments) by extensions ['ignore', 'ignore_ament_install']
[0.166s] Level 1:colcon.colcon_core.package_identification:_identify(src/experiments) by extension 'ignore'
[0.166s] Level 1:colcon.colcon_core.package_identification:_identify(src/experiments) by extension 'ignore_ament_install'
[0.166s] Level 1:colcon.colcon_core.package_identification:_identify(src/experiments) by extensions ['colcon_pkg']
[0.166s] Level 1:colcon.colcon_core.package_identification:_identify(src/experiments) by extension 'colcon_pkg'
[0.166s] Level 1:colcon.colcon_core.package_identification:_identify(src/experiments) by extensions ['colcon_meta']
[0.166s] Level 1:colcon.colcon_core.package_identification:_identify(src/experiments) by extension 'colcon_meta'
[0.166s] Level 1:colcon.colcon_core.package_identification:_identify(src/experiments) by extensions ['ros']
[0.166s] Level 1:colcon.colcon_core.package_identification:_identify(src/experiments) by extension 'ros'
[0.166s] Level 1:colcon.colcon_core.package_identification:_identify(src/experiments) by extensions ['cmake', 'python']
[0.166s] Level 1:colcon.colcon_core.package_identification:_identify(src/experiments) by extension 'cmake'
[0.166s] Level 1:colcon.colcon_core.package_identification:_identify(src/experiments) by extension 'python'
[0.166s] Level 1:colcon.colcon_core.package_identification:_identify(src/experiments) by extensions ['python_setup_py']
[0.166s] Level 1:colcon.colcon_core.package_identification:_identify(src/experiments) by extension 'python_setup_py'
[0.166s] Level 1:colcon.colcon_core.package_identification:_identify(src/swarm_sim_pkg) by extensions ['ignore', 'ignore_ament_install']
[0.166s] Level 1:colcon.colcon_core.package_identification:_identify(src/swarm_sim_pkg) by extension 'ignore'
[0.166s] Level 1:colcon.colcon_core.package_identification:_identify(src/swarm_sim_pkg) by extension 'ignore_ament_install'
[0.166s] Level 1:colcon.colcon_core.package_identification:_identify(src/swarm_sim_pkg) by extensions ['colcon_pkg']
[0.166s] Level 1:colcon.colcon_core.package_identification:_identify(src/swarm_sim_pkg) by extension 'colcon_pkg'
[0.166s] Level 1:colcon.colcon_core.package_identification:_identify(src/swarm_sim_pkg) by extensions ['colcon_meta']
[0.166s] Level 1:colcon.colcon_core.package_identification:_identify(src/swarm_sim_pkg) by extension 'colcon_meta'
[0.166s] Level 1:colcon.colcon_core.package_identification:_identify(src/swarm_sim_pkg) by extensions ['ros']
[0.166s] Level 1:colcon.colcon_core.package_identification:_identify(src/swarm_sim_pkg) by extension 'ros'
[0.166s] DEBUG:colcon.colcon_core.package_identification:Failed to parse potential ROS package manifest in'src/swarm_sim_pkg': Error(s) in package 'src/swarm_sim_pkg/package.xml':
The manifest contains invalid XML:
XML or text declaration not at start of entity: line 2, column 0
[0.166s] Level 1:colcon.colcon_core.package_identification:_identify(src/swarm_sim_pkg) by extensions ['cmake', 'python']
[0.166s] Level 1:colcon.colcon_core.package_identification:_identify(src/swarm_sim_pkg) by extension 'cmake'
[0.166s] Level 1:colcon.colcon_core.package_identification:_identify(src/swarm_sim_pkg) by extension 'python'
[0.166s] Level 1:colcon.colcon_core.package_identification:_identify(src/swarm_sim_pkg) by extensions ['python_setup_py']
[0.166s] Level 1:colcon.colcon_core.package_identification:_identify(src/swarm_sim_pkg) by extension 'python_setup_py'
[0.322s] DEBUG:colcon.colcon_core.package_identification:Package 'src/swarm_sim_pkg' with type 'python' and name 'swarm_sim'
[0.323s] Level 1:colcon.colcon_core.package_identification:_identify(src/utils) by extensions ['ignore', 'ignore_ament_install']
[0.323s] Level 1:colcon.colcon_core.package_identification:_identify(src/utils) by extension 'ignore'
[0.323s] Level 1:colcon.colcon_core.package_identification:_identify(src/utils) by extension 'ignore_ament_install'
[0.323s] Level 1:colcon.colcon_core.package_identification:_identify(src/utils) by extensions ['colcon_pkg']
[0.323s] Level 1:colcon.colcon_core.package_identification:_identify(src/utils) by extension 'colcon_pkg'
[0.323s] Level 1:colcon.colcon_core.package_identification:_identify(src/utils) by extensions ['colcon_meta']
[0.323s] Level 1:colcon.colcon_core.package_identification:_identify(src/utils) by extension 'colcon_meta'
[0.323s] Level 1:colcon.colcon_core.package_identification:_identify(src/utils) by extensions ['ros']
[0.323s] Level 1:colcon.colcon_core.package_identification:_identify(src/utils) by extension 'ros'
[0.323s] Level 1:colcon.colcon_core.package_identification:_identify(src/utils) by extensions ['cmake', 'python']
[0.323s] Level 1:colcon.colcon_core.package_identification:_identify(src/utils) by extension 'cmake'
[0.323s] Level 1:colcon.colcon_core.package_identification:_identify(src/utils) by extension 'python'
[0.323s] Level 1:colcon.colcon_core.package_identification:_identify(src/utils) by extensions ['python_setup_py']
[0.323s] Level 1:colcon.colcon_core.package_identification:_identify(src/utils) by extension 'python_setup_py'
[0.323s] Level 1:colcon.colcon_core.package_discovery:discover_packages(recursive) using defaults
[0.323s] Level 1:colcon.colcon_core.package_discovery:discover_packages(ignore) discover
[0.323s] Level 1:colcon.colcon_core.package_discovery:discover_packages(ignore) using defaults
[0.323s] Level 1:colcon.colcon_core.package_discovery:discover_packages(path) discover
[0.323s] Level 1:colcon.colcon_core.package_discovery:discover_packages(path) using defaults
[0.323s] WARNING:colcon.colcon_core.package_selection:ignoring unknown package 'cslam_interfaces' in --packages-select
[0.335s] INFO:colcon.colcon_core.package_selection:Skipping not selected package 'cslam_common_interfaces' in 'src/cslam_workspace/cslam_interfaces/cslam_common_interfaces'
[0.335s] INFO:colcon.colcon_core.package_selection:Skipping not selected package 'swarm_sim' in 'src/swarm_sim_pkg'
[0.335s] Level 5:colcon.colcon_core.verb:set package 'cslam' build argument 'cmake_args' from command line to 'None'
[0.336s] Level 5:colcon.colcon_core.verb:set package 'cslam' build argument 'cmake_target' from command line to 'None'
[0.336s] Level 5:colcon.colcon_core.verb:set package 'cslam' build argument 'cmake_target_skip_unavailable' from command line to 'False'
[0.336s] Level 5:colcon.colcon_core.verb:set package 'cslam' build argument 'cmake_clean_cache' from command line to 'False'
[0.336s] Level 5:colcon.colcon_core.verb:set package 'cslam' build argument 'cmake_clean_first' from command line to 'False'
[0.336s] Level 5:colcon.colcon_core.verb:set package 'cslam' build argument 'cmake_force_configure' from command line to 'False'
[0.336s] Level 5:colcon.colcon_core.verb:set package 'cslam' build argument 'ament_cmake_args' from command line to 'None'
[0.336s] Level 5:colcon.colcon_core.verb:set package 'cslam' build argument 'catkin_cmake_args' from command line to 'None'
[0.336s] Level 5:colcon.colcon_core.verb:set package 'cslam' build argument 'catkin_skip_building_tests' from command line to 'False'
[0.336s] DEBUG:colcon.colcon_core.verb:Building package 'cslam' with the following arguments: {'ament_cmake_args': None, 'build_base': '/mnt/disk1/pgguedje/research/gazebo_ros2_vnc/build/cslam', 'catkin_cmake_args': None, 'catkin_skip_building_tests': False, 'cmake_args': None, 'cmake_clean_cache': False, 'cmake_clean_first': False, 'cmake_force_configure': False, 'cmake_target': None, 'cmake_target_skip_unavailable': False, 'install_base': '/mnt/disk1/pgguedje/research/gazebo_ros2_vnc/install/cslam', 'merge_install': False, 'path': '/mnt/disk1/pgguedje/research/gazebo_ros2_vnc/src/cslam_workspace/cslam', 'symlink_install': False, 'test_result_base': None}
[0.336s] Level 5:colcon.colcon_core.verb:set package 'cslam_experiments' build argument 'cmake_args' from command line to 'None'
[0.336s] Level 5:colcon.colcon_core.verb:set package 'cslam_experiments' build argument 'cmake_target' from command line to 'None'
[0.336s] Level 5:colcon.colcon_core.verb:set package 'cslam_experiments' build argument 'cmake_target_skip_unavailable' from command line to 'False'
[0.336s] Level 5:colcon.colcon_core.verb:set package 'cslam_experiments' build argument 'cmake_clean_cache' from command line to 'False'
[0.336s] Level 5:colcon.colcon_core.verb:set package 'cslam_experiments' build argument 'cmake_clean_first' from command line to 'False'
[0.336s] Level 5:colcon.colcon_core.verb:set package 'cslam_experiments' build argument 'cmake_force_configure' from command line to 'False'
[0.336s] Level 5:colcon.colcon_core.verb:set package 'cslam_experiments' build argument 'ament_cmake_args' from command line to 'None'
[0.336s] Level 5:colcon.colcon_core.verb:set package 'cslam_experiments' build argument 'catkin_cmake_args' from command line to 'None'
[0.336s] Level 5:colcon.colcon_core.verb:set package 'cslam_experiments' build argument 'catkin_skip_building_tests' from command line to 'False'
[0.336s] DEBUG:colcon.colcon_core.verb:Building package 'cslam_experiments' with the following arguments: {'ament_cmake_args': None, 'build_base': '/mnt/disk1/pgguedje/research/gazebo_ros2_vnc/build/cslam_experiments', 'catkin_cmake_args': None, 'catkin_skip_building_tests': False, 'cmake_args': None, 'cmake_clean_cache': False, 'cmake_clean_first': False, 'cmake_force_configure': False, 'cmake_target': None, 'cmake_target_skip_unavailable': False, 'install_base': '/mnt/disk1/pgguedje/research/gazebo_ros2_vnc/install/cslam_experiments', 'merge_install': False, 'path': '/mnt/disk1/pgguedje/research/gazebo_ros2_vnc/src/cslam_workspace/cslam_experiments', 'symlink_install': False, 'test_result_base': None}
[0.336s] INFO:colcon.colcon_core.executor:Executing jobs using 'parallel' executor
[0.337s] DEBUG:colcon.colcon_parallel_executor.executor.parallel:run_until_complete
[0.337s] INFO:colcon.colcon_ros.task.ament_cmake.build:Building ROS package in '/mnt/disk1/pgguedje/research/gazebo_ros2_vnc/src/cslam_workspace/cslam' with build type 'ament_cmake'
[0.337s] INFO:colcon.colcon_cmake.task.cmake.build:Building CMake package in '/mnt/disk1/pgguedje/research/gazebo_ros2_vnc/src/cslam_workspace/cslam'
[0.339s] INFO:colcon.colcon_core.plugin_system:Skipping extension 'colcon_core.shell.bat': Not used on non-Windows systems
[0.339s] INFO:colcon.colcon_core.shell:Skip shell extension 'powershell' for command environment: Not usable outside of PowerShell
[0.339s] DEBUG:colcon.colcon_core.shell:Skip shell extension 'dsv' for command environment
[0.339s] ERROR:colcon.colcon_cmake.task.cmake.build:Failed to find the following files:
- /mnt/disk1/pgguedje/research/gazebo_ros2_vnc/install/cslam_common_interfaces/share/cslam_common_interfaces/package.sh
Check that the following packages have been built:
- cslam_common_interfaces
[0.339s] Level 1:colcon.colcon_core.environment:create_environment_scripts_only(cslam)
[0.340s] Level 1:colcon.colcon_core.environment:checking '/mnt/disk1/pgguedje/research/gazebo_ros2_vnc/install/cslam' for CMake module files
[0.340s] Level 1:colcon.colcon_core.environment:checking '/mnt/disk1/pgguedje/research/gazebo_ros2_vnc/install/cslam' for CMake config files
[0.341s] Level 1:colcon.colcon_core.environment:checking '/mnt/disk1/pgguedje/research/gazebo_ros2_vnc/install/cslam/bin'
[0.341s] Level 1:colcon.colcon_core.environment:checking '/mnt/disk1/pgguedje/research/gazebo_ros2_vnc/install/cslam/lib/pkgconfig/cslam.pc'
[0.341s] Level 1:colcon.colcon_core.environment:checking '/mnt/disk1/pgguedje/research/gazebo_ros2_vnc/install/cslam/lib/python3.11/site-packages'
[0.342s] Level 1:colcon.colcon_core.environment:checking '/mnt/disk1/pgguedje/research/gazebo_ros2_vnc/install/cslam/bin'
[0.342s] INFO:colcon.colcon_core.shell:Creating package script '/mnt/disk1/pgguedje/research/gazebo_ros2_vnc/install/cslam/share/cslam/package.ps1'
[0.342s] INFO:colcon.colcon_core.shell:Creating package descriptor '/mnt/disk1/pgguedje/research/gazebo_ros2_vnc/install/cslam/share/cslam/package.dsv'
[0.343s] INFO:colcon.colcon_core.shell:Creating package script '/mnt/disk1/pgguedje/research/gazebo_ros2_vnc/install/cslam/share/cslam/package.sh'
[0.343s] INFO:colcon.colcon_core.shell:Creating package script '/mnt/disk1/pgguedje/research/gazebo_ros2_vnc/install/cslam/share/cslam/package.bash'
[0.344s] INFO:colcon.colcon_core.shell:Creating package script '/mnt/disk1/pgguedje/research/gazebo_ros2_vnc/install/cslam/share/cslam/package.zsh'
[0.344s] Level 1:colcon.colcon_core.environment:create_file_with_runtime_dependencies(/mnt/disk1/pgguedje/research/gazebo_ros2_vnc/install/cslam/share/colcon-core/packages/cslam)
[0.344s] DEBUG:colcon.colcon_parallel_executor.executor.parallel:closing loop
[0.344s] DEBUG:colcon.colcon_parallel_executor.executor.parallel:loop closed
[0.345s] DEBUG:colcon.colcon_parallel_executor.executor.parallel:run_until_complete finished with '1'
[0.345s] DEBUG:colcon.colcon_core.event_reactor:joining thread
[0.355s] INFO:colcon.colcon_core.plugin_system:Skipping extension 'colcon_notification.desktop_notification.terminal_notifier': Not used on non-Darwin systems
[0.355s] INFO:colcon.colcon_core.plugin_system:Skipping extension 'colcon_notification.desktop_notification.win32': Not used on non-Windows systems
[0.355s] INFO:colcon.colcon_notification.desktop_notification:Sending desktop notification using 'notify2'
[0.400s] DEBUG:colcon.colcon_notification.desktop_notification.notify2:Failed to initialize notify2: org.freedesktop.DBus.Error.ServiceUnknown: The name org.freedesktop.Notifications was not provided by any .service files
[0.400s] DEBUG:colcon.colcon_core.event_reactor:joined thread
[0.401s] INFO:colcon.colcon_core.shell:Creating prefix script '/mnt/disk1/pgguedje/research/gazebo_ros2_vnc/install/local_setup.ps1'
[0.401s] INFO:colcon.colcon_core.shell:Creating prefix util module '/mnt/disk1/pgguedje/research/gazebo_ros2_vnc/install/_local_setup_util_ps1.py'
[0.402s] INFO:colcon.colcon_core.shell:Creating prefix chain script '/mnt/disk1/pgguedje/research/gazebo_ros2_vnc/install/setup.ps1'
[0.403s] INFO:colcon.colcon_core.shell:Creating prefix script '/mnt/disk1/pgguedje/research/gazebo_ros2_vnc/install/local_setup.sh'
[0.403s] INFO:colcon.colcon_core.shell:Creating prefix util module '/mnt/disk1/pgguedje/research/gazebo_ros2_vnc/install/_local_setup_util_sh.py'
[0.404s] INFO:colcon.colcon_core.shell:Creating prefix chain script '/mnt/disk1/pgguedje/research/gazebo_ros2_vnc/install/setup.sh'
[0.404s] INFO:colcon.colcon_core.shell:Creating prefix script '/mnt/disk1/pgguedje/research/gazebo_ros2_vnc/install/local_setup.bash'
[0.404s] INFO:colcon.colcon_core.shell:Creating prefix chain script '/mnt/disk1/pgguedje/research/gazebo_ros2_vnc/install/setup.bash'
[0.405s] INFO:colcon.colcon_core.shell:Creating prefix script '/mnt/disk1/pgguedje/research/gazebo_ros2_vnc/install/local_setup.zsh'
[0.405s] INFO:colcon.colcon_core.shell:Creating prefix chain script '/mnt/disk1/pgguedje/research/gazebo_ros2_vnc/install/setup.zsh'
